2026-01-13 09:36:23.182  INFO 18992 --- [restartedMain] com.my.todo.TodoApplication              : Starting TodoApplication using Java 21.0.8 with PID 18992 (C:\Users\TJ\Desktop\sw\todoList-workspace\todo\build\classes\java\main started by TJ in C:\Users\TJ\Desktop\sw\todoList-workspace\todo)
2026-01-13 09:36:23.184  INFO 18992 --- [restartedMain] com.my.todo.TodoApplication              : No active profile set, falling back to 1 default profile: "default"
2026-01-13 09:36:23.241  INFO 18992 --- [restartedMain] .e.DevToolsPropertyDefaultsPostProcessor : Devtools property defaults active! Set 'spring.devtools.add-properties' to 'false' to disable
2026-01-13 09:36:23.241  INFO 18992 --- [restartedMain] .e.DevToolsPropertyDefaultsPostProcessor : For additional web related logging consider setting the 'logging.level.web' property to 'DEBUG'
2026-01-13 09:36:24.821  INFO 18992 --- [restartedMain] .s.d.r.c.RepositoryConfigurationDelegate : Bootstrapping Spring Data JPA repositories in DEFAULT mode.
2026-01-13 09:36:24.841  INFO 18992 --- [restartedMain] .s.d.r.c.RepositoryConfigurationDelegate : Finished Spring Data repository scanning in 8 ms. Found 0 JPA repository interfaces.
2026-01-13 09:36:25.930  INFO 18992 --- [restartedMain] o.s.b.w.embedded.tomcat.TomcatWebServer  : Tomcat initialized with port 8080 (http)
2026-01-13 09:36:25.948  INFO 18992 --- [restartedMain] o.apache.catalina.core.StandardService   : Starting service [Tomcat]
2026-01-13 09:36:25.948  INFO 18992 --- [restartedMain] o.apache.catalina.core.StandardEngine    : Starting Servlet engine: [Apache Tomcat/10.1.50]
2026-01-13 09:36:26.026  INFO 18992 --- [restartedMain] o.a.c.c.C.[Tomcat].[localhost].[/]       : Initializing Spring embedded WebApplicationContext
2026-01-13 09:36:26.027  INFO 18992 --- [restartedMain] w.s.c.ServletWebServerApplicationContext : Root WebApplicationContext: initialization completed in 2785 ms
2026-01-13 09:36:26.476  INFO 18992 --- [restartedMain] o.hibernate.jpa.internal.util.LogHelper  : HHH000204: Processing PersistenceUnitInfo [name: default]
2026-01-13 09:36:26.561  INFO 18992 --- [restartedMain] org.hibernate.Version                    : HHH000412: Hibernate ORM core version 6.6.39.Final
2026-01-13 09:36:26.610  INFO 18992 --- [restartedMain] o.h.c.internal.RegionFactoryInitiator    : HHH000026: Second-level cache disabled
2026-01-13 09:36:27.039  INFO 18992 --- [restartedMain] o.s.o.j.p.SpringPersistenceUnitInfo      : No LoadTimeWeaver setup: ignoring JPA class transformer
2026-01-13 09:36:27.085  INFO 18992 --- [restartedMain] com.zaxxer.hikari.HikariDataSource       : HikariPool-1 - Starting...
2026-01-13 09:36:27.328  INFO 18992 --- [restartedMain] com.zaxxer.hikari.pool.HikariPool        : HikariPool-1 - Added connection org.postgresql.jdbc.PgConnection@2b9f00c6
2026-01-13 09:36:27.330  INFO 18992 --- [restartedMain] com.zaxxer.hikari.HikariDataSource       : HikariPool-1 - Start completed.
2026-01-13 09:36:27.469  INFO 18992 --- [restartedMain] org.hibernate.orm.connections.pooling    : HHH10001005: Database info:
	Database JDBC URL [Connecting through datasource 'HikariDataSource (HikariPool-1)']
	Database driver: undefined/unknown
	Database version: 18.1
	Autocommit mode: undefined/unknown
	Isolation level: undefined/unknown
	Minimum pool size: undefined/unknown
	Maximum pool size: undefined/unknown
2026-01-13 09:36:27.972  INFO 18992 --- [restartedMain] o.h.e.t.j.p.i.JtaPlatformInitiator       : HHH000489: No JTA platform available (set 'hibernate.transaction.jta.platform' to enable JTA platform integration)
2026-01-13 09:36:27.980  INFO 18992 --- [restartedMain] j.LocalContainerEntityManagerFactoryBean : Initialized JPA EntityManagerFactory for persistence unit 'default'
2026-01-13 09:36:28.526  WARN 18992 --- [restartedMain] JpaBaseConfiguration$JpaWebConfiguration : spring.jpa.open-in-view is enabled by default. Therefore, database queries may be performed during view rendering. Explicitly configure spring.jpa.open-in-view to disable this warning
2026-01-13 09:36:28.998  WARN 18992 --- [restartedMain] ion$DefaultTemplateResolverConfiguration : Cannot find template location: classpath:/templates/ (please add some templates, check your Thymeleaf configuration, or set spring.thymeleaf.check-template-location=false)
2026-01-13 09:36:29.658  WARN 18992 --- [restartedMain] .s.s.UserDetailsServiceAutoConfiguration : 

Using generated security password: add0ec8b-a648-43f3-8b6b-2af0b72897fc

This generated password is for development use only. Your security configuration must be updated before running your application in production.

2026-01-13 09:36:29.670  INFO 18992 --- [restartedMain] r$InitializeUserDetailsManagerConfigurer : Global AuthenticationManager configured with UserDetailsService bean with name inMemoryUserDetailsManager
2026-01-13 09:36:29.843  INFO 18992 --- [restartedMain] o.s.b.a.e.web.EndpointLinksResolver      : Exposing 1 endpoint beneath base path '/actuator'
2026-01-13 09:36:30.173  INFO 18992 --- [restartedMain] o.s.b.d.a.OptionalLiveReloadServer       : LiveReload server is running on port 35729
2026-01-13 09:36:30.262  INFO 18992 --- [restartedMain] o.s.b.w.embedded.tomcat.TomcatWebServer  : Tomcat started on port 8080 (http) with context path '/'
2026-01-13 09:36:30.277  INFO 18992 --- [restartedMain] com.my.todo.TodoApplication              : Started TodoApplication in 7.845 seconds (process running for 8.768)
2026-01-13 09:36:31.119  INFO 18992 --- [RMI TCP Connection(1)-192.168.0.210] o.a.c.c.C.[Tomcat].[localhost].[/]       : Initializing Spring DispatcherServlet 'dispatcherServlet'
2026-01-13 09:36:31.120  INFO 18992 --- [RMI TCP Connection(1)-192.168.0.210] o.s.web.servlet.DispatcherServlet        : Initializing Servlet 'dispatcherServlet'
2026-01-13 09:36:31.124  INFO 18992 --- [RMI TCP Connection(1)-192.168.0.210] o.s.web.servlet.DispatcherServlet        : Completed initialization in 3 ms
2026-01-13 09:53:59.716  INFO 18992 --- [SpringApplicationShutdownHook] o.s.b.w.e.tomcat.GracefulShutdown        : Commencing graceful shutdown. Waiting for active requests to complete
2026-01-13 09:53:59.742  INFO 18992 --- [tomcat-shutdown] o.s.b.w.e.tomcat.GracefulShutdown        : Graceful shutdown complete
2026-01-13 09:53:59.745  INFO 18992 --- [SpringApplicationShutdownHook] j.LocalContainerEntityManagerFactoryBean : Closing JPA EntityManagerFactory for persistence unit 'default'
2026-01-13 09:53:59.745  INFO 18992 --- [SpringApplicationShutdownHook] com.zaxxer.hikari.HikariDataSource       : HikariPool-1 - Shutdown initiated...
2026-01-13 09:53:59.897  INFO 18992 --- [SpringApplicationShutdownHook] com.zaxxer.hikari.HikariDataSource       : HikariPool-1 - Shutdown completed.
2026-01-13 09:54:07.159  INFO 13012 --- [restartedMain] com.my.todo.TodoApplication              : Starting TodoApplication using Java 21.0.8 with PID 13012 (C:\Users\TJ\Desktop\sw\todoList-workspace\todo\build\classes\java\main started by TJ in C:\Users\TJ\Desktop\sw\todoList-workspace\todo)
2026-01-13 09:54:07.161  INFO 13012 --- [restartedMain] com.my.todo.TodoApplication              : No active profile set, falling back to 1 default profile: "default"
2026-01-13 09:54:07.216  INFO 13012 --- [restartedMain] .e.DevToolsPropertyDefaultsPostProcessor : Devtools property defaults active! Set 'spring.devtools.add-properties' to 'false' to disable
2026-01-13 09:54:07.216  INFO 13012 --- [restartedMain] .e.DevToolsPropertyDefaultsPostProcessor : For additional web related logging consider setting the 'logging.level.web' property to 'DEBUG'
2026-01-13 09:54:08.610  INFO 13012 --- [restartedMain] .s.d.r.c.RepositoryConfigurationDelegate : Bootstrapping Spring Data JPA repositories in DEFAULT mode.
2026-01-13 09:54:08.628  INFO 13012 --- [restartedMain] .s.d.r.c.RepositoryConfigurationDelegate : Finished Spring Data repository scanning in 8 ms. Found 0 JPA repository interfaces.
2026-01-13 09:54:09.568  INFO 13012 --- [restartedMain] o.s.b.w.embedded.tomcat.TomcatWebServer  : Tomcat initialized with port 8080 (http)
2026-01-13 09:54:09.583  INFO 13012 --- [restartedMain] o.apache.catalina.core.StandardService   : Starting service [Tomcat]
2026-01-13 09:54:09.583  INFO 13012 --- [restartedMain] o.apache.catalina.core.StandardEngine    : Starting Servlet engine: [Apache Tomcat/10.1.50]
2026-01-13 09:54:09.641  INFO 13012 --- [restartedMain] o.a.c.c.C.[Tomcat].[localhost].[/]       : Initializing Spring embedded WebApplicationContext
2026-01-13 09:54:09.641  INFO 13012 --- [restartedMain] w.s.c.ServletWebServerApplicationContext : Root WebApplicationContext: initialization completed in 2424 ms
2026-01-13 09:54:10.057  INFO 13012 --- [restartedMain] o.hibernate.jpa.internal.util.LogHelper  : HHH000204: Processing PersistenceUnitInfo [name: default]
2026-01-13 09:54:10.121  INFO 13012 --- [restartedMain] org.hibernate.Version                    : HHH000412: Hibernate ORM core version 6.6.39.Final
2026-01-13 09:54:10.161  INFO 13012 --- [restartedMain] o.h.c.internal.RegionFactoryInitiator    : HHH000026: Second-level cache disabled
2026-01-13 09:54:10.507  INFO 13012 --- [restartedMain] o.s.o.j.p.SpringPersistenceUnitInfo      : No LoadTimeWeaver setup: ignoring JPA class transformer
2026-01-13 09:54:10.542  INFO 13012 --- [restartedMain] com.zaxxer.hikari.HikariDataSource       : HikariPool-1 - Starting...
2026-01-13 09:54:10.734  INFO 13012 --- [restartedMain] com.zaxxer.hikari.pool.HikariPool        : HikariPool-1 - Added connection org.postgresql.jdbc.PgConnection@3ba08116
2026-01-13 09:54:10.736  INFO 13012 --- [restartedMain] com.zaxxer.hikari.HikariDataSource       : HikariPool-1 - Start completed.
2026-01-13 09:54:10.815  INFO 13012 --- [restartedMain] org.hibernate.orm.connections.pooling    : HHH10001005: Database info:
	Database JDBC URL [Connecting through datasource 'HikariDataSource (HikariPool-1)']
	Database driver: undefined/unknown
	Database version: 18.1
	Autocommit mode: undefined/unknown
	Isolation level: undefined/unknown
	Minimum pool size: undefined/unknown
	Maximum pool size: undefined/unknown
2026-01-13 09:54:11.242  INFO 13012 --- [restartedMain] o.h.e.t.j.p.i.JtaPlatformInitiator       : HHH000489: No JTA platform available (set 'hibernate.transaction.jta.platform' to enable JTA platform integration)
2026-01-13 09:54:11.248  INFO 13012 --- [restartedMain] j.LocalContainerEntityManagerFactoryBean : Initialized JPA EntityManagerFactory for persistence unit 'default'
2026-01-13 09:54:11.744  WARN 13012 --- [restartedMain] JpaBaseConfiguration$JpaWebConfiguration : spring.jpa.open-in-view is enabled by default. Therefore, database queries may be performed during view rendering. Explicitly configure spring.jpa.open-in-view to disable this warning
2026-01-13 09:54:12.232  WARN 13012 --- [restartedMain] ion$DefaultTemplateResolverConfiguration : Cannot find template location: classpath:/templates/ (please add some templates, check your Thymeleaf configuration, or set spring.thymeleaf.check-template-location=false)
2026-01-13 09:54:12.858  WARN 13012 --- [restartedMain] .s.s.UserDetailsServiceAutoConfiguration : 

Using generated security password: a59f18b5-edcf-4d18-8e66-31cdd24f2ab5

This generated password is for development use only. Your security configuration must be updated before running your application in production.

2026-01-13 09:54:12.868  INFO 13012 --- [restartedMain] r$InitializeUserDetailsManagerConfigurer : Global AuthenticationManager configured with UserDetailsService bean with name inMemoryUserDetailsManager
2026-01-13 09:54:13.024  INFO 13012 --- [restartedMain] o.s.b.a.e.web.EndpointLinksResolver      : Exposing 1 endpoint beneath base path '/actuator'
2026-01-13 09:54:13.329  INFO 13012 --- [restartedMain] o.s.b.d.a.OptionalLiveReloadServer       : LiveReload server is running on port 35729
2026-01-13 09:54:13.430  INFO 13012 --- [restartedMain] o.s.b.w.embedded.tomcat.TomcatWebServer  : Tomcat started on port 8080 (http) with context path '/'
2026-01-13 09:54:13.445  INFO 13012 --- [restartedMain] com.my.todo.TodoApplication              : Started TodoApplication in 7.002 seconds (process running for 7.804)
2026-01-13 09:54:14.134  INFO 13012 --- [RMI TCP Connection(1)-192.168.0.210] o.a.c.c.C.[Tomcat].[localhost].[/]       : Initializing Spring DispatcherServlet 'dispatcherServlet'
2026-01-13 09:54:14.134  INFO 13012 --- [RMI TCP Connection(1)-192.168.0.210] o.s.web.servlet.DispatcherServlet        : Initializing Servlet 'dispatcherServlet'
2026-01-13 09:54:14.137  INFO 13012 --- [RMI TCP Connection(1)-192.168.0.210] o.s.web.servlet.DispatcherServlet        : Completed initialization in 2 ms
2026-01-13 09:56:36.484  INFO 13012 --- [SpringApplicationShutdownHook] o.s.b.w.e.tomcat.GracefulShutdown        : Commencing graceful shutdown. Waiting for active requests to complete
2026-01-13 09:56:36.503  INFO 13012 --- [tomcat-shutdown] o.s.b.w.e.tomcat.GracefulShutdown        : Graceful shutdown complete
2026-01-13 09:56:36.504  INFO 13012 --- [SpringApplicationShutdownHook] j.LocalContainerEntityManagerFactoryBean : Closing JPA EntityManagerFactory for persistence unit 'default'
2026-01-13 09:56:36.504  INFO 13012 --- [SpringApplicationShutdownHook] com.zaxxer.hikari.HikariDataSource       : HikariPool-1 - Shutdown initiated...
2026-01-13 09:56:36.519  INFO 13012 --- [SpringApplicationShutdownHook] com.zaxxer.hikari.HikariDataSource       : HikariPool-1 - Shutdown completed.
2026-01-13 09:56:40.715  INFO 14052 --- [restartedMain] com.my.todo.TodoApplication              : Starting TodoApplication using Java 21.0.8 with PID 14052 (C:\Users\TJ\Desktop\sw\todoList-workspace\todo\build\classes\java\main started by TJ in C:\Users\TJ\Desktop\sw\todoList-workspace\todo)
2026-01-13 09:56:40.717  INFO 14052 --- [restartedMain] com.my.todo.TodoApplication              : No active profile set, falling back to 1 default profile: "default"
2026-01-13 09:56:40.765  INFO 14052 --- [restartedMain] .e.DevToolsPropertyDefaultsPostProcessor : Devtools property defaults active! Set 'spring.devtools.add-properties' to 'false' to disable
2026-01-13 09:56:40.766  INFO 14052 --- [restartedMain] .e.DevToolsPropertyDefaultsPostProcessor : For additional web related logging consider setting the 'logging.level.web' property to 'DEBUG'
2026-01-13 09:56:42.127  INFO 14052 --- [restartedMain] .s.d.r.c.RepositoryConfigurationDelegate : Bootstrapping Spring Data JPA repositories in DEFAULT mode.
2026-01-13 09:56:42.145  INFO 14052 --- [restartedMain] .s.d.r.c.RepositoryConfigurationDelegate : Finished Spring Data repository scanning in 7 ms. Found 0 JPA repository interfaces.
2026-01-13 09:56:43.644  INFO 14052 --- [restartedMain] o.s.b.w.embedded.tomcat.TomcatWebServer  : Tomcat initialized with port 8080 (http)
2026-01-13 09:56:43.665  INFO 14052 --- [restartedMain] o.apache.catalina.core.StandardService   : Starting service [Tomcat]
2026-01-13 09:56:43.665  INFO 14052 --- [restartedMain] o.apache.catalina.core.StandardEngine    : Starting Servlet engine: [Apache Tomcat/10.1.50]
2026-01-13 09:56:43.777  INFO 14052 --- [restartedMain] o.a.c.c.C.[Tomcat].[localhost].[/]       : Initializing Spring embedded WebApplicationContext
2026-01-13 09:56:43.803  INFO 14052 --- [restartedMain] w.s.c.ServletWebServerApplicationContext : Root WebApplicationContext: initialization completed in 3032 ms
2026-01-13 09:56:44.451  INFO 14052 --- [restartedMain] o.hibernate.jpa.internal.util.LogHelper  : HHH000204: Processing PersistenceUnitInfo [name: default]
2026-01-13 09:56:44.579  INFO 14052 --- [restartedMain] org.hibernate.Version                    : HHH000412: Hibernate ORM core version 6.6.39.Final
2026-01-13 09:56:44.623  INFO 14052 --- [restartedMain] o.h.c.internal.RegionFactoryInitiator    : HHH000026: Second-level cache disabled
2026-01-13 09:56:45.097  INFO 14052 --- [restartedMain] o.s.o.j.p.SpringPersistenceUnitInfo      : No LoadTimeWeaver setup: ignoring JPA class transformer
2026-01-13 09:56:45.134  INFO 14052 --- [restartedMain] com.zaxxer.hikari.HikariDataSource       : HikariPool-1 - Starting...
2026-01-13 09:56:45.355  INFO 14052 --- [restartedMain] com.zaxxer.hikari.pool.HikariPool        : HikariPool-1 - Added connection org.postgresql.jdbc.PgConnection@761d366e
2026-01-13 09:56:45.359  INFO 14052 --- [restartedMain] com.zaxxer.hikari.HikariDataSource       : HikariPool-1 - Start completed.
2026-01-13 09:56:45.461  INFO 14052 --- [restartedMain] org.hibernate.orm.connections.pooling    : HHH10001005: Database info:
	Database JDBC URL [Connecting through datasource 'HikariDataSource (HikariPool-1)']
	Database driver: undefined/unknown
	Database version: 18.1
	Autocommit mode: undefined/unknown
	Isolation level: undefined/unknown
	Minimum pool size: undefined/unknown
	Maximum pool size: undefined/unknown
2026-01-13 09:56:45.984  INFO 14052 --- [restartedMain] o.h.e.t.j.p.i.JtaPlatformInitiator       : HHH000489: No JTA platform available (set 'hibernate.transaction.jta.platform' to enable JTA platform integration)
2026-01-13 09:56:45.998  INFO 14052 --- [restartedMain] j.LocalContainerEntityManagerFactoryBean : Initialized JPA EntityManagerFactory for persistence unit 'default'
2026-01-13 09:56:46.603  WARN 14052 --- [restartedMain] JpaBaseConfiguration$JpaWebConfiguration : spring.jpa.open-in-view is enabled by default. Therefore, database queries may be performed during view rendering. Explicitly configure spring.jpa.open-in-view to disable this warning
2026-01-13 09:56:47.161  WARN 14052 --- [restartedMain] ion$DefaultTemplateResolverConfiguration : Cannot find template location: classpath:/templates/ (please add some templates, check your Thymeleaf configuration, or set spring.thymeleaf.check-template-location=false)
2026-01-13 09:56:47.910  WARN 14052 --- [restartedMain] .s.s.UserDetailsServiceAutoConfiguration : 

Using generated security password: 5d14668f-68fd-4d10-ae1b-b9ed124848cb

This generated password is for development use only. Your security configuration must be updated before running your application in production.

2026-01-13 09:56:47.931  INFO 14052 --- [restartedMain] r$InitializeUserDetailsManagerConfigurer : Global AuthenticationManager configured with UserDetailsService bean with name inMemoryUserDetailsManager
2026-01-13 09:56:48.179  INFO 14052 --- [restartedMain] o.s.b.a.e.web.EndpointLinksResolver      : Exposing 1 endpoint beneath base path '/actuator'
2026-01-13 09:56:48.513  INFO 14052 --- [restartedMain] o.s.b.d.a.OptionalLiveReloadServer       : LiveReload server is running on port 35729
2026-01-13 09:56:48.608  INFO 14052 --- [restartedMain] o.s.b.w.embedded.tomcat.TomcatWebServer  : Tomcat started on port 8080 (http) with context path '/'
2026-01-13 09:56:48.626  INFO 14052 --- [restartedMain] com.my.todo.TodoApplication              : Started TodoApplication in 8.683 seconds (process running for 9.455)
2026-01-13 09:56:49.125  INFO 14052 --- [RMI TCP Connection(5)-192.168.0.210] o.a.c.c.C.[Tomcat].[localhost].[/]       : Initializing Spring DispatcherServlet 'dispatcherServlet'
2026-01-13 09:56:49.125  INFO 14052 --- [RMI TCP Connection(5)-192.168.0.210] o.s.web.servlet.DispatcherServlet        : Initializing Servlet 'dispatcherServlet'
2026-01-13 09:56:49.128  INFO 14052 --- [RMI TCP Connection(5)-192.168.0.210] o.s.web.servlet.DispatcherServlet        : Completed initialization in 3 ms
2026-01-13 10:32:26.210  INFO 14052 --- [SpringApplicationShutdownHook] o.s.b.w.e.tomcat.GracefulShutdown        : Commencing graceful shutdown. Waiting for active requests to complete
2026-01-13 10:32:26.258  INFO 14052 --- [tomcat-shutdown] o.s.b.w.e.tomcat.GracefulShutdown        : Graceful shutdown complete
2026-01-13 10:32:26.432  INFO 14052 --- [SpringApplicationShutdownHook] j.LocalContainerEntityManagerFactoryBean : Closing JPA EntityManagerFactory for persistence unit 'default'
2026-01-13 10:32:26.438  INFO 14052 --- [SpringApplicationShutdownHook] com.zaxxer.hikari.HikariDataSource       : HikariPool-1 - Shutdown initiated...
2026-01-13 10:32:26.453  INFO 14052 --- [SpringApplicationShutdownHook] com.zaxxer.hikari.HikariDataSource       : HikariPool-1 - Shutdown completed.
2026-01-13 10:32:31.506  INFO 19036 --- [restartedMain] com.my.todo.TodoApplication              : Starting TodoApplication using Java 21.0.8 with PID 19036 (C:\Users\TJ\Desktop\sw\todoList-workspace\todo\build\classes\java\main started by TJ in C:\Users\TJ\Desktop\sw\todoList-workspace\todo)
2026-01-13 10:32:31.508  INFO 19036 --- [restartedMain] com.my.todo.TodoApplication              : No active profile set, falling back to 1 default profile: "default"
2026-01-13 10:32:31.566  INFO 19036 --- [restartedMain] .e.DevToolsPropertyDefaultsPostProcessor : Devtools property defaults active! Set 'spring.devtools.add-properties' to 'false' to disable
2026-01-13 10:32:31.566  INFO 19036 --- [restartedMain] .e.DevToolsPropertyDefaultsPostProcessor : For additional web related logging consider setting the 'logging.level.web' property to 'DEBUG'
2026-01-13 10:32:33.123  INFO 19036 --- [restartedMain] .s.d.r.c.RepositoryConfigurationDelegate : Bootstrapping Spring Data JPA repositories in DEFAULT mode.
2026-01-13 10:32:33.143  INFO 19036 --- [restartedMain] .s.d.r.c.RepositoryConfigurationDelegate : Finished Spring Data repository scanning in 8 ms. Found 0 JPA repository interfaces.
2026-01-13 10:32:34.061  INFO 19036 --- [restartedMain] o.s.b.w.embedded.tomcat.TomcatWebServer  : Tomcat initialized with port 8080 (http)
2026-01-13 10:32:34.077  INFO 19036 --- [restartedMain] o.apache.catalina.core.StandardService   : Starting service [Tomcat]
2026-01-13 10:32:34.077  INFO 19036 --- [restartedMain] o.apache.catalina.core.StandardEngine    : Starting Servlet engine: [Apache Tomcat/10.1.50]
2026-01-13 10:32:34.138  INFO 19036 --- [restartedMain] o.a.c.c.C.[Tomcat].[localhost].[/]       : Initializing Spring embedded WebApplicationContext
2026-01-13 10:32:34.138  INFO 19036 --- [restartedMain] w.s.c.ServletWebServerApplicationContext : Root WebApplicationContext: initialization completed in 2570 ms
2026-01-13 10:32:34.522  INFO 19036 --- [restartedMain] o.hibernate.jpa.internal.util.LogHelper  : HHH000204: Processing PersistenceUnitInfo [name: default]
2026-01-13 10:32:34.590  INFO 19036 --- [restartedMain] org.hibernate.Version                    : HHH000412: Hibernate ORM core version 6.6.39.Final
2026-01-13 10:32:34.630  INFO 19036 --- [restartedMain] o.h.c.internal.RegionFactoryInitiator    : HHH000026: Second-level cache disabled
2026-01-13 10:32:34.983  INFO 19036 --- [restartedMain] o.s.o.j.p.SpringPersistenceUnitInfo      : No LoadTimeWeaver setup: ignoring JPA class transformer
2026-01-13 10:32:35.019  INFO 19036 --- [restartedMain] com.zaxxer.hikari.HikariDataSource       : HikariPool-1 - Starting...
2026-01-13 10:32:35.214  INFO 19036 --- [restartedMain] com.zaxxer.hikari.pool.HikariPool        : HikariPool-1 - Added connection org.postgresql.jdbc.PgConnection@43c58d70
2026-01-13 10:32:35.218  INFO 19036 --- [restartedMain] com.zaxxer.hikari.HikariDataSource       : HikariPool-1 - Start completed.
2026-01-13 10:32:35.305  INFO 19036 --- [restartedMain] org.hibernate.orm.connections.pooling    : HHH10001005: Database info:
	Database JDBC URL [Connecting through datasource 'HikariDataSource (HikariPool-1)']
	Database driver: undefined/unknown
	Database version: 18.1
	Autocommit mode: undefined/unknown
	Isolation level: undefined/unknown
	Minimum pool size: undefined/unknown
	Maximum pool size: undefined/unknown
2026-01-13 10:32:35.788  INFO 19036 --- [restartedMain] o.h.e.t.j.p.i.JtaPlatformInitiator       : HHH000489: No JTA platform available (set 'hibernate.transaction.jta.platform' to enable JTA platform integration)
2026-01-13 10:32:35.796  INFO 19036 --- [restartedMain] j.LocalContainerEntityManagerFactoryBean : Initialized JPA EntityManagerFactory for persistence unit 'default'
2026-01-13 10:32:36.396  WARN 19036 --- [restartedMain] JpaBaseConfiguration$JpaWebConfiguration : spring.jpa.open-in-view is enabled by default. Therefore, database queries may be performed during view rendering. Explicitly configure spring.jpa.open-in-view to disable this warning
2026-01-13 10:32:37.011  WARN 19036 --- [restartedMain] ion$DefaultTemplateResolverConfiguration : Cannot find template location: classpath:/templates/ (please add some templates, check your Thymeleaf configuration, or set spring.thymeleaf.check-template-location=false)
2026-01-13 10:32:37.887  INFO 19036 --- [restartedMain] o.s.b.d.a.OptionalLiveReloadServer       : LiveReload server is running on port 35729
2026-01-13 10:32:37.900  INFO 19036 --- [restartedMain] o.s.b.a.e.web.EndpointLinksResolver      : Exposing 1 endpoint beneath base path '/actuator'
2026-01-13 10:32:38.005  INFO 19036 --- [restartedMain] o.s.b.w.embedded.tomcat.TomcatWebServer  : Tomcat started on port 8080 (http) with context path '/'
2026-01-13 10:32:38.029  INFO 19036 --- [restartedMain] com.my.todo.TodoApplication              : Started TodoApplication in 7.287 seconds (process running for 8.332)
2026-01-13 10:32:39.260  INFO 19036 --- [RMI TCP Connection(1)-192.168.0.210] o.a.c.c.C.[Tomcat].[localhost].[/]       : Initializing Spring DispatcherServlet 'dispatcherServlet'
2026-01-13 10:32:39.260  INFO 19036 --- [RMI TCP Connection(1)-192.168.0.210] o.s.web.servlet.DispatcherServlet        : Initializing Servlet 'dispatcherServlet'
2026-01-13 10:32:39.263  INFO 19036 --- [RMI TCP Connection(1)-192.168.0.210] o.s.web.servlet.DispatcherServlet        : Completed initialization in 1 ms
2026-01-13 10:32:58.543  INFO 19036 --- [http-nio-8080-exec-1] com.my.todo.common.aop.LoggingAspect     : [TodoController.getAllTodos()] 요청 / ip : 0:0:0:0:0:0:0:1
2026-01-13 10:32:58.550  INFO 19036 --- [http-nio-8080-exec-1] com.my.todo.common.aop.LoggingAspect     : ========== TodoServiceImpl.getTodos() 서비스 호출 ==========
2026-01-13 10:32:58.550  INFO 19036 --- [http-nio-8080-exec-1] com.my.todo.common.aop.LoggingAspect     : Parameter : []
2026-01-13 10:32:58.596  INFO 19036 --- [http-nio-8080-exec-1] com.my.todo.common.aop.LoggingAspect     : Running Time : 45ms
2026-01-13 10:32:58.596  INFO 19036 --- [http-nio-8080-exec-1] com.my.todo.common.aop.LoggingAspect     : ===================================================================================
2026-01-13 10:33:03.622  INFO 19036 --- [http-nio-8080-exec-2] com.my.todo.common.aop.LoggingAspect     : [TodoController.createTodo()] 요청 / ip : 0:0:0:0:0:0:0:1
2026-01-13 10:33:03.622  INFO 19036 --- [http-nio-8080-exec-2] com.my.todo.common.aop.LoggingAspect     : ========== TodoServiceImpl.addTodo() 서비스 호출 ==========
2026-01-13 10:33:03.623  INFO 19036 --- [http-nio-8080-exec-2] com.my.todo.common.aop.LoggingAspect     : Parameter : [TodoDto(id=null, content=ㅁㄴㅇㄹ, isCompleted=false, createdAt=null)]
2026-01-13 10:33:03.641  INFO 19036 --- [http-nio-8080-exec-2] com.my.todo.common.aop.LoggingAspect     : Running Time : 18ms
2026-01-13 10:33:03.641  INFO 19036 --- [http-nio-8080-exec-2] com.my.todo.common.aop.LoggingAspect     : ===================================================================================
2026-01-13 10:33:03.662  INFO 19036 --- [http-nio-8080-exec-3] com.my.todo.common.aop.LoggingAspect     : [TodoController.getAllTodos()] 요청 / ip : 0:0:0:0:0:0:0:1
2026-01-13 10:33:03.663  INFO 19036 --- [http-nio-8080-exec-3] com.my.todo.common.aop.LoggingAspect     : ========== TodoServiceImpl.getTodos() 서비스 호출 ==========
2026-01-13 10:33:03.663  INFO 19036 --- [http-nio-8080-exec-3] com.my.todo.common.aop.LoggingAspect     : Parameter : []
2026-01-13 10:33:03.667  INFO 19036 --- [http-nio-8080-exec-3] com.my.todo.common.aop.LoggingAspect     : Running Time : 4ms
2026-01-13 10:33:03.667  INFO 19036 --- [http-nio-8080-exec-3] com.my.todo.common.aop.LoggingAspect     : ===================================================================================
2026-01-13 10:56:17.061  INFO 19036 --- [http-nio-8080-exec-5] com.my.todo.common.aop.LoggingAspect     : [TodoController.createTodo()] 요청 / ip : 0:0:0:0:0:0:0:1
2026-01-13 10:56:17.062  INFO 19036 --- [http-nio-8080-exec-5] com.my.todo.common.aop.LoggingAspect     : ========== TodoServiceImpl.addTodo() 서비스 호출 ==========
2026-01-13 10:56:17.062  INFO 19036 --- [http-nio-8080-exec-5] com.my.todo.common.aop.LoggingAspect     : Parameter : [TodoDto(id=null, content=집가기, isCompleted=false, createdAt=null)]
2026-01-13 10:56:17.063  INFO 19036 --- [http-nio-8080-exec-5] com.my.todo.common.aop.LoggingAspect     : Running Time : 1ms
2026-01-13 10:56:17.063  INFO 19036 --- [http-nio-8080-exec-5] com.my.todo.common.aop.LoggingAspect     : ===================================================================================
2026-01-13 10:56:17.127  INFO 19036 --- [http-nio-8080-exec-6] com.my.todo.common.aop.LoggingAspect     : [TodoController.getAllTodos()] 요청 / ip : 0:0:0:0:0:0:0:1
2026-01-13 10:56:17.127  INFO 19036 --- [http-nio-8080-exec-6] com.my.todo.common.aop.LoggingAspect     : ========== TodoServiceImpl.getTodos() 서비스 호출 ==========
2026-01-13 10:56:17.127  INFO 19036 --- [http-nio-8080-exec-6] com.my.todo.common.aop.LoggingAspect     : Parameter : []
2026-01-13 10:56:17.127  INFO 19036 --- [http-nio-8080-exec-6] com.my.todo.common.aop.LoggingAspect     : Running Time : 0ms
2026-01-13 10:56:17.127  INFO 19036 --- [http-nio-8080-exec-6] com.my.todo.common.aop.LoggingAspect     : ===================================================================================
2026-01-13 10:56:19.132  INFO 19036 --- [http-nio-8080-exec-8] com.my.todo.common.aop.LoggingAspect     : [TodoController.updateTodo()] 요청 / ip : 0:0:0:0:0:0:0:1
2026-01-13 10:56:19.133  INFO 19036 --- [http-nio-8080-exec-8] com.my.todo.common.aop.LoggingAspect     : ========== TodoServiceImpl.toggleTodo() 서비스 호출 ==========
2026-01-13 10:56:19.133  INFO 19036 --- [http-nio-8080-exec-8] com.my.todo.common.aop.LoggingAspect     : Parameter : [TodoDto(id=2, content=null, isCompleted=true, createdAt=null)]
2026-01-13 10:56:19.146  INFO 19036 --- [http-nio-8080-exec-8] com.my.todo.common.aop.LoggingAspect     : Running Time : 12ms
2026-01-13 10:56:19.146  INFO 19036 --- [http-nio-8080-exec-8] com.my.todo.common.aop.LoggingAspect     : ===================================================================================
2026-01-13 10:56:19.150  INFO 19036 --- [http-nio-8080-exec-9] com.my.todo.common.aop.LoggingAspect     : [TodoController.getAllTodos()] 요청 / ip : 0:0:0:0:0:0:0:1
2026-01-13 10:56:19.150  INFO 19036 --- [http-nio-8080-exec-9] com.my.todo.common.aop.LoggingAspect     : ========== TodoServiceImpl.getTodos() 서비스 호출 ==========
2026-01-13 10:56:19.150  INFO 19036 --- [http-nio-8080-exec-9] com.my.todo.common.aop.LoggingAspect     : Parameter : []
2026-01-13 10:56:19.150  INFO 19036 --- [http-nio-8080-exec-9] com.my.todo.common.aop.LoggingAspect     : Running Time : 0ms
2026-01-13 10:56:19.150  INFO 19036 --- [http-nio-8080-exec-9] com.my.todo.common.aop.LoggingAspect     : ===================================================================================
2026-01-13 10:56:20.460  INFO 19036 --- [http-nio-8080-exec-10] com.my.todo.common.aop.LoggingAspect     : [TodoController.updateTodo()] 요청 / ip : 0:0:0:0:0:0:0:1
2026-01-13 10:56:20.460  INFO 19036 --- [http-nio-8080-exec-10] com.my.todo.common.aop.LoggingAspect     : ========== TodoServiceImpl.toggleTodo() 서비스 호출 ==========
2026-01-13 10:56:20.460  INFO 19036 --- [http-nio-8080-exec-10] com.my.todo.common.aop.LoggingAspect     : Parameter : [TodoDto(id=2, content=null, isCompleted=false, createdAt=null)]
2026-01-13 10:56:20.460  INFO 19036 --- [http-nio-8080-exec-10] com.my.todo.common.aop.LoggingAspect     : Running Time : 0ms
2026-01-13 10:56:20.460  INFO 19036 --- [http-nio-8080-exec-10] com.my.todo.common.aop.LoggingAspect     : ===================================================================================
2026-01-13 10:56:20.477  INFO 19036 --- [http-nio-8080-exec-1] com.my.todo.common.aop.LoggingAspect     : [TodoController.getAllTodos()] 요청 / ip : 0:0:0:0:0:0:0:1
2026-01-13 10:56:20.477  INFO 19036 --- [http-nio-8080-exec-1] com.my.todo.common.aop.LoggingAspect     : ========== TodoServiceImpl.getTodos() 서비스 호출 ==========
2026-01-13 10:56:20.477  INFO 19036 --- [http-nio-8080-exec-1] com.my.todo.common.aop.LoggingAspect     : Parameter : []
2026-01-13 10:56:20.477  INFO 19036 --- [http-nio-8080-exec-1] com.my.todo.common.aop.LoggingAspect     : Running Time : 0ms
2026-01-13 10:56:20.477  INFO 19036 --- [http-nio-8080-exec-1] com.my.todo.common.aop.LoggingAspect     : ===================================================================================
2026-01-13 10:56:21.026  INFO 19036 --- [http-nio-8080-exec-2] com.my.todo.common.aop.LoggingAspect     : [TodoController.updateTodo()] 요청 / ip : 0:0:0:0:0:0:0:1
2026-01-13 10:56:21.026  INFO 19036 --- [http-nio-8080-exec-2] com.my.todo.common.aop.LoggingAspect     : ========== TodoServiceImpl.toggleTodo() 서비스 호출 ==========
2026-01-13 10:56:21.026  INFO 19036 --- [http-nio-8080-exec-2] com.my.todo.common.aop.LoggingAspect     : Parameter : [TodoDto(id=2, content=null, isCompleted=true, createdAt=null)]
2026-01-13 10:56:21.026  INFO 19036 --- [http-nio-8080-exec-2] com.my.todo.common.aop.LoggingAspect     : Running Time : 0ms
2026-01-13 10:56:21.026  INFO 19036 --- [http-nio-8080-exec-2] com.my.todo.common.aop.LoggingAspect     : ===================================================================================
2026-01-13 10:56:21.043  INFO 19036 --- [http-nio-8080-exec-3] com.my.todo.common.aop.LoggingAspect     : [TodoController.getAllTodos()] 요청 / ip : 0:0:0:0:0:0:0:1
2026-01-13 10:56:21.043  INFO 19036 --- [http-nio-8080-exec-3] com.my.todo.common.aop.LoggingAspect     : ========== TodoServiceImpl.getTodos() 서비스 호출 ==========
2026-01-13 10:56:21.043  INFO 19036 --- [http-nio-8080-exec-3] com.my.todo.common.aop.LoggingAspect     : Parameter : []
2026-01-13 10:56:21.043  INFO 19036 --- [http-nio-8080-exec-3] com.my.todo.common.aop.LoggingAspect     : Running Time : 0ms
2026-01-13 10:56:21.059  INFO 19036 --- [http-nio-8080-exec-3] com.my.todo.common.aop.LoggingAspect     : ===================================================================================
2026-01-13 10:56:21.876  INFO 19036 --- [http-nio-8080-exec-4] com.my.todo.common.aop.LoggingAspect     : [TodoController.updateTodo()] 요청 / ip : 0:0:0:0:0:0:0:1
2026-01-13 10:56:21.876  INFO 19036 --- [http-nio-8080-exec-4] com.my.todo.common.aop.LoggingAspect     : ========== TodoServiceImpl.toggleTodo() 서비스 호출 ==========
2026-01-13 10:56:21.876  INFO 19036 --- [http-nio-8080-exec-4] com.my.todo.common.aop.LoggingAspect     : Parameter : [TodoDto(id=2, content=null, isCompleted=false, createdAt=null)]
2026-01-13 10:56:21.876  INFO 19036 --- [http-nio-8080-exec-4] com.my.todo.common.aop.LoggingAspect     : Running Time : 0ms
2026-01-13 10:56:21.876  INFO 19036 --- [http-nio-8080-exec-4] com.my.todo.common.aop.LoggingAspect     : ===================================================================================
2026-01-13 10:56:21.892  INFO 19036 --- [http-nio-8080-exec-5] com.my.todo.common.aop.LoggingAspect     : [TodoController.getAllTodos()] 요청 / ip : 0:0:0:0:0:0:0:1
2026-01-13 10:56:21.892  INFO 19036 --- [http-nio-8080-exec-5] com.my.todo.common.aop.LoggingAspect     : ========== TodoServiceImpl.getTodos() 서비스 호출 ==========
2026-01-13 10:56:21.892  INFO 19036 --- [http-nio-8080-exec-5] com.my.todo.common.aop.LoggingAspect     : Parameter : []
2026-01-13 10:56:21.892  INFO 19036 --- [http-nio-8080-exec-5] com.my.todo.common.aop.LoggingAspect     : Running Time : 0ms
2026-01-13 10:56:21.892  INFO 19036 --- [http-nio-8080-exec-5] com.my.todo.common.aop.LoggingAspect     : ===================================================================================
2026-01-13 10:56:22.760  INFO 19036 --- [http-nio-8080-exec-6] com.my.todo.common.aop.LoggingAspect     : [TodoController.updateTodo()] 요청 / ip : 0:0:0:0:0:0:0:1
2026-01-13 10:56:22.760  INFO 19036 --- [http-nio-8080-exec-6] com.my.todo.common.aop.LoggingAspect     : ========== TodoServiceImpl.toggleTodo() 서비스 호출 ==========
2026-01-13 10:56:22.760  INFO 19036 --- [http-nio-8080-exec-6] com.my.todo.common.aop.LoggingAspect     : Parameter : [TodoDto(id=2, content=null, isCompleted=true, createdAt=null)]
2026-01-13 10:56:22.760  INFO 19036 --- [http-nio-8080-exec-6] com.my.todo.common.aop.LoggingAspect     : Running Time : 0ms
2026-01-13 10:56:22.760  INFO 19036 --- [http-nio-8080-exec-6] com.my.todo.common.aop.LoggingAspect     : ===================================================================================
2026-01-13 10:56:22.760  INFO 19036 --- [http-nio-8080-exec-7] com.my.todo.common.aop.LoggingAspect     : [TodoController.getAllTodos()] 요청 / ip : 0:0:0:0:0:0:0:1
2026-01-13 10:56:22.760  INFO 19036 --- [http-nio-8080-exec-7] com.my.todo.common.aop.LoggingAspect     : ========== TodoServiceImpl.getTodos() 서비스 호출 ==========
2026-01-13 10:56:22.760  INFO 19036 --- [http-nio-8080-exec-7] com.my.todo.common.aop.LoggingAspect     : Parameter : []
2026-01-13 10:56:22.760  INFO 19036 --- [http-nio-8080-exec-7] com.my.todo.common.aop.LoggingAspect     : Running Time : 0ms
2026-01-13 10:56:22.760  INFO 19036 --- [http-nio-8080-exec-7] com.my.todo.common.aop.LoggingAspect     : ===================================================================================
2026-01-13 11:28:46.128  INFO 19036 --- [http-nio-8080-exec-10] com.my.todo.common.aop.LoggingAspect     : [TodoController.updateTodo()] 요청 / ip : 0:0:0:0:0:0:0:1
2026-01-13 11:28:46.128  INFO 19036 --- [http-nio-8080-exec-10] com.my.todo.common.aop.LoggingAspect     : ========== TodoServiceImpl.toggleTodo() 서비스 호출 ==========
2026-01-13 11:28:46.128  INFO 19036 --- [http-nio-8080-exec-10] com.my.todo.common.aop.LoggingAspect     : Parameter : [TodoDto(id=2, content=null, isCompleted=false, createdAt=null)]
2026-01-13 11:28:46.128  INFO 19036 --- [http-nio-8080-exec-10] com.my.todo.common.aop.LoggingAspect     : Running Time : 0ms
2026-01-13 11:28:46.128  INFO 19036 --- [http-nio-8080-exec-10] com.my.todo.common.aop.LoggingAspect     : ===================================================================================
2026-01-13 11:28:46.178  INFO 19036 --- [http-nio-8080-exec-2] com.my.todo.common.aop.LoggingAspect     : [TodoController.getAllTodos()] 요청 / ip : 0:0:0:0:0:0:0:1
2026-01-13 11:28:46.178  INFO 19036 --- [http-nio-8080-exec-2] com.my.todo.common.aop.LoggingAspect     : ========== TodoServiceImpl.getTodos() 서비스 호출 ==========
2026-01-13 11:28:46.178  INFO 19036 --- [http-nio-8080-exec-2] com.my.todo.common.aop.LoggingAspect     : Parameter : []
2026-01-13 11:28:46.180  INFO 19036 --- [http-nio-8080-exec-2] com.my.todo.common.aop.LoggingAspect     : Running Time : 2ms
2026-01-13 11:28:46.180  INFO 19036 --- [http-nio-8080-exec-2] com.my.todo.common.aop.LoggingAspect     : ===================================================================================
2026-01-13 11:28:46.731  INFO 19036 --- [http-nio-8080-exec-3] com.my.todo.common.aop.LoggingAspect     : [TodoController.updateTodo()] 요청 / ip : 0:0:0:0:0:0:0:1
2026-01-13 11:28:46.731  INFO 19036 --- [http-nio-8080-exec-3] com.my.todo.common.aop.LoggingAspect     : ========== TodoServiceImpl.toggleTodo() 서비스 호출 ==========
2026-01-13 11:28:46.731  INFO 19036 --- [http-nio-8080-exec-3] com.my.todo.common.aop.LoggingAspect     : Parameter : [TodoDto(id=2, content=null, isCompleted=true, createdAt=null)]
2026-01-13 11:28:46.731  INFO 19036 --- [http-nio-8080-exec-3] com.my.todo.common.aop.LoggingAspect     : Running Time : 0ms
2026-01-13 11:28:46.731  INFO 19036 --- [http-nio-8080-exec-3] com.my.todo.common.aop.LoggingAspect     : ===================================================================================
2026-01-13 11:28:46.745  INFO 19036 --- [http-nio-8080-exec-4] com.my.todo.common.aop.LoggingAspect     : [TodoController.getAllTodos()] 요청 / ip : 0:0:0:0:0:0:0:1
2026-01-13 11:28:46.745  INFO 19036 --- [http-nio-8080-exec-4] com.my.todo.common.aop.LoggingAspect     : ========== TodoServiceImpl.getTodos() 서비스 호출 ==========
2026-01-13 11:28:46.745  INFO 19036 --- [http-nio-8080-exec-4] com.my.todo.common.aop.LoggingAspect     : Parameter : []
2026-01-13 11:28:46.745  INFO 19036 --- [http-nio-8080-exec-4] com.my.todo.common.aop.LoggingAspect     : Running Time : 0ms
2026-01-13 11:28:46.745  INFO 19036 --- [http-nio-8080-exec-4] com.my.todo.common.aop.LoggingAspect     : ===================================================================================
2026-01-13 12:02:12.594  INFO 19036 --- [http-nio-8080-exec-7] com.my.todo.common.aop.LoggingAspect     : [TodoController.getAllTodos()] 요청 / ip : 0:0:0:0:0:0:0:1
2026-01-13 12:02:12.596  INFO 19036 --- [http-nio-8080-exec-7] com.my.todo.common.aop.LoggingAspect     : ========== TodoServiceImpl.getTodos() 서비스 호출 ==========
2026-01-13 12:02:12.597  INFO 19036 --- [http-nio-8080-exec-7] com.my.todo.common.aop.LoggingAspect     : Parameter : []
2026-01-13 12:02:12.607  INFO 19036 --- [http-nio-8080-exec-7] com.my.todo.common.aop.LoggingAspect     : Running Time : 5ms
2026-01-13 12:02:12.608  INFO 19036 --- [http-nio-8080-exec-7] com.my.todo.common.aop.LoggingAspect     : ===================================================================================
2026-01-13 13:16:33.114  INFO 19036 --- [http-nio-8080-exec-10] com.my.todo.common.aop.LoggingAspect     : [TodoController.createTodo()] 요청 / ip : 0:0:0:0:0:0:0:1
2026-01-13 13:16:33.119  INFO 19036 --- [http-nio-8080-exec-10] com.my.todo.common.aop.LoggingAspect     : ========== TodoServiceImpl.addTodo() 서비스 호출 ==========
2026-01-13 13:16:33.119  INFO 19036 --- [http-nio-8080-exec-10] com.my.todo.common.aop.LoggingAspect     : Parameter : [TodoDto(id=null, content=ㅇㄹ, isCompleted=false, createdAt=null)]
2026-01-13 13:16:33.127  INFO 19036 --- [http-nio-8080-exec-10] com.my.todo.common.aop.LoggingAspect     : Running Time : 7ms
2026-01-13 13:16:33.128  INFO 19036 --- [http-nio-8080-exec-10] com.my.todo.common.aop.LoggingAspect     : ===================================================================================
2026-01-13 13:16:33.151  INFO 19036 --- [http-nio-8080-exec-1] com.my.todo.common.aop.LoggingAspect     : [TodoController.getAllTodos()] 요청 / ip : 0:0:0:0:0:0:0:1
2026-01-13 13:16:33.152  INFO 19036 --- [http-nio-8080-exec-1] com.my.todo.common.aop.LoggingAspect     : ========== TodoServiceImpl.getTodos() 서비스 호출 ==========
2026-01-13 13:16:33.152  INFO 19036 --- [http-nio-8080-exec-1] com.my.todo.common.aop.LoggingAspect     : Parameter : []
2026-01-13 13:16:33.157  INFO 19036 --- [http-nio-8080-exec-1] com.my.todo.common.aop.LoggingAspect     : Running Time : 5ms
2026-01-13 13:16:33.157  INFO 19036 --- [http-nio-8080-exec-1] com.my.todo.common.aop.LoggingAspect     : ===================================================================================
2026-01-13 13:16:34.676  INFO 19036 --- [http-nio-8080-exec-3] com.my.todo.common.aop.LoggingAspect     : [TodoController.updateTodo()] 요청 / ip : 0:0:0:0:0:0:0:1
2026-01-13 13:16:34.676  INFO 19036 --- [http-nio-8080-exec-3] com.my.todo.common.aop.LoggingAspect     : ========== TodoServiceImpl.toggleTodo() 서비스 호출 ==========
2026-01-13 13:16:34.676  INFO 19036 --- [http-nio-8080-exec-3] com.my.todo.common.aop.LoggingAspect     : Parameter : [TodoDto(id=3, content=null, isCompleted=true, createdAt=null)]
2026-01-13 13:16:34.678  INFO 19036 --- [http-nio-8080-exec-3] com.my.todo.common.aop.LoggingAspect     : Running Time : 1ms
2026-01-13 13:16:34.678  INFO 19036 --- [http-nio-8080-exec-3] com.my.todo.common.aop.LoggingAspect     : ===================================================================================
2026-01-13 13:16:34.690  INFO 19036 --- [http-nio-8080-exec-4] com.my.todo.common.aop.LoggingAspect     : [TodoController.getAllTodos()] 요청 / ip : 0:0:0:0:0:0:0:1
2026-01-13 13:16:34.690  INFO 19036 --- [http-nio-8080-exec-4] com.my.todo.common.aop.LoggingAspect     : ========== TodoServiceImpl.getTodos() 서비스 호출 ==========
2026-01-13 13:16:34.690  INFO 19036 --- [http-nio-8080-exec-4] com.my.todo.common.aop.LoggingAspect     : Parameter : []
2026-01-13 13:16:34.691  INFO 19036 --- [http-nio-8080-exec-4] com.my.todo.common.aop.LoggingAspect     : Running Time : 1ms
2026-01-13 13:16:34.692  INFO 19036 --- [http-nio-8080-exec-4] com.my.todo.common.aop.LoggingAspect     : ===================================================================================
2026-01-13 13:16:35.400  INFO 19036 --- [http-nio-8080-exec-5] com.my.todo.common.aop.LoggingAspect     : [TodoController.updateTodo()] 요청 / ip : 0:0:0:0:0:0:0:1
2026-01-13 13:16:35.401  INFO 19036 --- [http-nio-8080-exec-5] com.my.todo.common.aop.LoggingAspect     : ========== TodoServiceImpl.toggleTodo() 서비스 호출 ==========
2026-01-13 13:16:35.401  INFO 19036 --- [http-nio-8080-exec-5] com.my.todo.common.aop.LoggingAspect     : Parameter : [TodoDto(id=3, content=null, isCompleted=false, createdAt=null)]
2026-01-13 13:16:35.402  INFO 19036 --- [http-nio-8080-exec-5] com.my.todo.common.aop.LoggingAspect     : Running Time : 1ms
2026-01-13 13:16:35.402  INFO 19036 --- [http-nio-8080-exec-5] com.my.todo.common.aop.LoggingAspect     : ===================================================================================
2026-01-13 13:16:35.418  INFO 19036 --- [http-nio-8080-exec-6] com.my.todo.common.aop.LoggingAspect     : [TodoController.getAllTodos()] 요청 / ip : 0:0:0:0:0:0:0:1
2026-01-13 13:16:35.418  INFO 19036 --- [http-nio-8080-exec-6] com.my.todo.common.aop.LoggingAspect     : ========== TodoServiceImpl.getTodos() 서비스 호출 ==========
2026-01-13 13:16:35.418  INFO 19036 --- [http-nio-8080-exec-6] com.my.todo.common.aop.LoggingAspect     : Parameter : []
2026-01-13 13:16:35.420  INFO 19036 --- [http-nio-8080-exec-6] com.my.todo.common.aop.LoggingAspect     : Running Time : 2ms
2026-01-13 13:16:35.420  INFO 19036 --- [http-nio-8080-exec-6] com.my.todo.common.aop.LoggingAspect     : ===================================================================================
2026-01-13 13:16:50.333  INFO 19036 --- [http-nio-8080-exec-7] com.my.todo.common.aop.LoggingAspect     : [TodoController.updateTodo()] 요청 / ip : 0:0:0:0:0:0:0:1
2026-01-13 13:16:50.334  INFO 19036 --- [http-nio-8080-exec-7] com.my.todo.common.aop.LoggingAspect     : ========== TodoServiceImpl.toggleTodo() 서비스 호출 ==========
2026-01-13 13:16:50.334  INFO 19036 --- [http-nio-8080-exec-7] com.my.todo.common.aop.LoggingAspect     : Parameter : [TodoDto(id=3, content=null, isCompleted=true, createdAt=null)]
2026-01-13 13:16:50.335  INFO 19036 --- [http-nio-8080-exec-7] com.my.todo.common.aop.LoggingAspect     : Running Time : 1ms
2026-01-13 13:16:50.335  INFO 19036 --- [http-nio-8080-exec-7] com.my.todo.common.aop.LoggingAspect     : ===================================================================================
2026-01-13 13:16:50.351  INFO 19036 --- [http-nio-8080-exec-8] com.my.todo.common.aop.LoggingAspect     : [TodoController.getAllTodos()] 요청 / ip : 0:0:0:0:0:0:0:1
2026-01-13 13:16:50.352  INFO 19036 --- [http-nio-8080-exec-8] com.my.todo.common.aop.LoggingAspect     : ========== TodoServiceImpl.getTodos() 서비스 호출 ==========
2026-01-13 13:16:50.353  INFO 19036 --- [http-nio-8080-exec-8] com.my.todo.common.aop.LoggingAspect     : Parameter : []
2026-01-13 13:16:50.355  INFO 19036 --- [http-nio-8080-exec-8] com.my.todo.common.aop.LoggingAspect     : Running Time : 2ms
2026-01-13 13:16:50.355  INFO 19036 --- [http-nio-8080-exec-8] com.my.todo.common.aop.LoggingAspect     : ===================================================================================
2026-01-13 13:16:51.133  INFO 19036 --- [http-nio-8080-exec-9] com.my.todo.common.aop.LoggingAspect     : [TodoController.updateTodo()] 요청 / ip : 0:0:0:0:0:0:0:1
2026-01-13 13:16:51.134  INFO 19036 --- [http-nio-8080-exec-9] com.my.todo.common.aop.LoggingAspect     : ========== TodoServiceImpl.toggleTodo() 서비스 호출 ==========
2026-01-13 13:16:51.134  INFO 19036 --- [http-nio-8080-exec-9] com.my.todo.common.aop.LoggingAspect     : Parameter : [TodoDto(id=3, content=null, isCompleted=false, createdAt=null)]
2026-01-13 13:16:51.135  INFO 19036 --- [http-nio-8080-exec-9] com.my.todo.common.aop.LoggingAspect     : Running Time : 1ms
2026-01-13 13:16:51.135  INFO 19036 --- [http-nio-8080-exec-9] com.my.todo.common.aop.LoggingAspect     : ===================================================================================
2026-01-13 13:16:51.151  INFO 19036 --- [http-nio-8080-exec-10] com.my.todo.common.aop.LoggingAspect     : [TodoController.getAllTodos()] 요청 / ip : 0:0:0:0:0:0:0:1
2026-01-13 13:16:51.151  INFO 19036 --- [http-nio-8080-exec-10] com.my.todo.common.aop.LoggingAspect     : ========== TodoServiceImpl.getTodos() 서비스 호출 ==========
2026-01-13 13:16:51.152  INFO 19036 --- [http-nio-8080-exec-10] com.my.todo.common.aop.LoggingAspect     : Parameter : []
2026-01-13 13:16:51.154  INFO 19036 --- [http-nio-8080-exec-10] com.my.todo.common.aop.LoggingAspect     : Running Time : 2ms
2026-01-13 13:16:51.154  INFO 19036 --- [http-nio-8080-exec-10] com.my.todo.common.aop.LoggingAspect     : ===================================================================================
2026-01-13 13:16:51.933  INFO 19036 --- [http-nio-8080-exec-1] com.my.todo.common.aop.LoggingAspect     : [TodoController.updateTodo()] 요청 / ip : 0:0:0:0:0:0:0:1
2026-01-13 13:16:51.933  INFO 19036 --- [http-nio-8080-exec-1] com.my.todo.common.aop.LoggingAspect     : ========== TodoServiceImpl.toggleTodo() 서비스 호출 ==========
2026-01-13 13:16:51.933  INFO 19036 --- [http-nio-8080-exec-1] com.my.todo.common.aop.LoggingAspect     : Parameter : [TodoDto(id=3, content=null, isCompleted=true, createdAt=null)]
2026-01-13 13:16:51.934  INFO 19036 --- [http-nio-8080-exec-1] com.my.todo.common.aop.LoggingAspect     : Running Time : 1ms
2026-01-13 13:16:51.934  INFO 19036 --- [http-nio-8080-exec-1] com.my.todo.common.aop.LoggingAspect     : ===================================================================================
2026-01-13 13:16:51.948  INFO 19036 --- [http-nio-8080-exec-2] com.my.todo.common.aop.LoggingAspect     : [TodoController.getAllTodos()] 요청 / ip : 0:0:0:0:0:0:0:1
2026-01-13 13:16:51.948  INFO 19036 --- [http-nio-8080-exec-2] com.my.todo.common.aop.LoggingAspect     : ========== TodoServiceImpl.getTodos() 서비스 호출 ==========
2026-01-13 13:16:51.948  INFO 19036 --- [http-nio-8080-exec-2] com.my.todo.common.aop.LoggingAspect     : Parameter : []
2026-01-13 13:16:51.949  INFO 19036 --- [http-nio-8080-exec-2] com.my.todo.common.aop.LoggingAspect     : Running Time : 1ms
2026-01-13 13:16:51.950  INFO 19036 --- [http-nio-8080-exec-2] com.my.todo.common.aop.LoggingAspect     : ===================================================================================
2026-01-13 13:16:52.750  INFO 19036 --- [http-nio-8080-exec-3] com.my.todo.common.aop.LoggingAspect     : [TodoController.updateTodo()] 요청 / ip : 0:0:0:0:0:0:0:1
2026-01-13 13:16:52.750  INFO 19036 --- [http-nio-8080-exec-3] com.my.todo.common.aop.LoggingAspect     : ========== TodoServiceImpl.toggleTodo() 서비스 호출 ==========
2026-01-13 13:16:52.750  INFO 19036 --- [http-nio-8080-exec-3] com.my.todo.common.aop.LoggingAspect     : Parameter : [TodoDto(id=3, content=null, isCompleted=false, createdAt=null)]
2026-01-13 13:16:52.751  INFO 19036 --- [http-nio-8080-exec-3] com.my.todo.common.aop.LoggingAspect     : Running Time : 1ms
2026-01-13 13:16:52.751  INFO 19036 --- [http-nio-8080-exec-3] com.my.todo.common.aop.LoggingAspect     : ===================================================================================
2026-01-13 13:16:52.766  INFO 19036 --- [http-nio-8080-exec-4] com.my.todo.common.aop.LoggingAspect     : [TodoController.getAllTodos()] 요청 / ip : 0:0:0:0:0:0:0:1
2026-01-13 13:16:52.767  INFO 19036 --- [http-nio-8080-exec-4] com.my.todo.common.aop.LoggingAspect     : ========== TodoServiceImpl.getTodos() 서비스 호출 ==========
2026-01-13 13:16:52.767  INFO 19036 --- [http-nio-8080-exec-4] com.my.todo.common.aop.LoggingAspect     : Parameter : []
2026-01-13 13:16:52.768  INFO 19036 --- [http-nio-8080-exec-4] com.my.todo.common.aop.LoggingAspect     : Running Time : 1ms
2026-01-13 13:16:52.768  INFO 19036 --- [http-nio-8080-exec-4] com.my.todo.common.aop.LoggingAspect     : ===================================================================================
2026-01-13 14:24:10.171  WARN 19036 --- [HikariPool-1:housekeeper] com.zaxxer.hikari.pool.HikariPool        : HikariPool-1 - Thread starvation or clock leap detected (housekeeper delta=28m31s541ms233µs300ns).
2026-01-13 14:27:04.498  INFO 19036 --- [http-nio-8080-exec-7] com.my.todo.common.aop.LoggingAspect     : [TodoController.getAllTodos()] 요청 / ip : 0:0:0:0:0:0:0:1
2026-01-13 14:27:04.501  INFO 19036 --- [http-nio-8080-exec-7] com.my.todo.common.aop.LoggingAspect     : ========== TodoServiceImpl.getTodos() 서비스 호출 ==========
2026-01-13 14:27:04.501  INFO 19036 --- [http-nio-8080-exec-7] com.my.todo.common.aop.LoggingAspect     : Parameter : []
2026-01-13 14:27:04.506  INFO 19036 --- [http-nio-8080-exec-7] com.my.todo.common.aop.LoggingAspect     : Running Time : 5ms
2026-01-13 14:27:04.506  INFO 19036 --- [http-nio-8080-exec-7] com.my.todo.common.aop.LoggingAspect     : ===================================================================================
2026-01-13 14:47:35.649  INFO 19036 --- [http-nio-8080-exec-9] com.my.todo.common.aop.LoggingAspect     : [TodoController.getAllTodos()] 요청 / ip : 0:0:0:0:0:0:0:1
2026-01-13 14:47:35.651  INFO 19036 --- [http-nio-8080-exec-9] com.my.todo.common.aop.LoggingAspect     : ========== TodoServiceImpl.getTodos() 서비스 호출 ==========
2026-01-13 14:47:35.651  INFO 19036 --- [http-nio-8080-exec-9] com.my.todo.common.aop.LoggingAspect     : Parameter : []
2026-01-13 14:47:35.652  INFO 19036 --- [http-nio-8080-exec-9] com.my.todo.common.aop.LoggingAspect     : Running Time : 1ms
2026-01-13 14:47:35.652  INFO 19036 --- [http-nio-8080-exec-9] com.my.todo.common.aop.LoggingAspect     : ===================================================================================
2026-01-13 14:49:58.047  INFO 19036 --- [http-nio-8080-exec-2] com.my.todo.common.aop.LoggingAspect     : [TodoController.updateTodo()] 요청 / ip : 0:0:0:0:0:0:0:1
2026-01-13 14:49:58.048  INFO 19036 --- [http-nio-8080-exec-2] com.my.todo.common.aop.LoggingAspect     : ========== TodoServiceImpl.toggleTodo() 서비스 호출 ==========
2026-01-13 14:49:58.048  INFO 19036 --- [http-nio-8080-exec-2] com.my.todo.common.aop.LoggingAspect     : Parameter : [TodoDto(id=3, content=null, isCompleted=true, createdAt=null)]
2026-01-13 14:49:58.052  INFO 19036 --- [http-nio-8080-exec-2] com.my.todo.common.aop.LoggingAspect     : Running Time : 4ms
2026-01-13 14:49:58.052  INFO 19036 --- [http-nio-8080-exec-2] com.my.todo.common.aop.LoggingAspect     : ===================================================================================
2026-01-13 14:49:58.122  INFO 19036 --- [http-nio-8080-exec-3] com.my.todo.common.aop.LoggingAspect     : [TodoController.getAllTodos()] 요청 / ip : 0:0:0:0:0:0:0:1
2026-01-13 14:49:58.122  INFO 19036 --- [http-nio-8080-exec-3] com.my.todo.common.aop.LoggingAspect     : ========== TodoServiceImpl.getTodos() 서비스 호출 ==========
2026-01-13 14:49:58.122  INFO 19036 --- [http-nio-8080-exec-3] com.my.todo.common.aop.LoggingAspect     : Parameter : []
2026-01-13 14:49:58.124  INFO 19036 --- [http-nio-8080-exec-3] com.my.todo.common.aop.LoggingAspect     : Running Time : 2ms
2026-01-13 14:49:58.124  INFO 19036 --- [http-nio-8080-exec-3] com.my.todo.common.aop.LoggingAspect     : ===================================================================================
2026-01-13 14:49:58.972  INFO 19036 --- [http-nio-8080-exec-4] com.my.todo.common.aop.LoggingAspect     : [TodoController.updateTodo()] 요청 / ip : 0:0:0:0:0:0:0:1
2026-01-13 14:49:58.972  INFO 19036 --- [http-nio-8080-exec-4] com.my.todo.common.aop.LoggingAspect     : ========== TodoServiceImpl.toggleTodo() 서비스 호출 ==========
2026-01-13 14:49:58.973  INFO 19036 --- [http-nio-8080-exec-4] com.my.todo.common.aop.LoggingAspect     : Parameter : [TodoDto(id=3, content=null, isCompleted=false, createdAt=null)]
2026-01-13 14:49:58.973  INFO 19036 --- [http-nio-8080-exec-4] com.my.todo.common.aop.LoggingAspect     : Running Time : 0ms
2026-01-13 14:49:58.973  INFO 19036 --- [http-nio-8080-exec-4] com.my.todo.common.aop.LoggingAspect     : ===================================================================================
2026-01-13 14:49:59.036  INFO 19036 --- [http-nio-8080-exec-5] com.my.todo.common.aop.LoggingAspect     : [TodoController.getAllTodos()] 요청 / ip : 0:0:0:0:0:0:0:1
2026-01-13 14:49:59.036  INFO 19036 --- [http-nio-8080-exec-5] com.my.todo.common.aop.LoggingAspect     : ========== TodoServiceImpl.getTodos() 서비스 호출 ==========
2026-01-13 14:49:59.036  INFO 19036 --- [http-nio-8080-exec-5] com.my.todo.common.aop.LoggingAspect     : Parameter : []
2026-01-13 14:49:59.037  INFO 19036 --- [http-nio-8080-exec-5] com.my.todo.common.aop.LoggingAspect     : Running Time : 1ms
2026-01-13 14:49:59.037  INFO 19036 --- [http-nio-8080-exec-5] com.my.todo.common.aop.LoggingAspect     : ===================================================================================
2026-01-13 14:49:59.685  INFO 19036 --- [http-nio-8080-exec-7] com.my.todo.common.aop.LoggingAspect     : [TodoController.updateTodo()] 요청 / ip : 0:0:0:0:0:0:0:1
2026-01-13 14:49:59.685  INFO 19036 --- [http-nio-8080-exec-7] com.my.todo.common.aop.LoggingAspect     : ========== TodoServiceImpl.toggleTodo() 서비스 호출 ==========
2026-01-13 14:49:59.685  INFO 19036 --- [http-nio-8080-exec-7] com.my.todo.common.aop.LoggingAspect     : Parameter : [TodoDto(id=2, content=null, isCompleted=false, createdAt=null)]
2026-01-13 14:49:59.686  INFO 19036 --- [http-nio-8080-exec-7] com.my.todo.common.aop.LoggingAspect     : Running Time : 1ms
2026-01-13 14:49:59.686  INFO 19036 --- [http-nio-8080-exec-7] com.my.todo.common.aop.LoggingAspect     : ===================================================================================
2026-01-13 14:49:59.698  INFO 19036 --- [http-nio-8080-exec-8] com.my.todo.common.aop.LoggingAspect     : [TodoController.getAllTodos()] 요청 / ip : 0:0:0:0:0:0:0:1
2026-01-13 14:49:59.698  INFO 19036 --- [http-nio-8080-exec-8] com.my.todo.common.aop.LoggingAspect     : ========== TodoServiceImpl.getTodos() 서비스 호출 ==========
2026-01-13 14:49:59.698  INFO 19036 --- [http-nio-8080-exec-8] com.my.todo.common.aop.LoggingAspect     : Parameter : []
2026-01-13 14:49:59.700  INFO 19036 --- [http-nio-8080-exec-8] com.my.todo.common.aop.LoggingAspect     : Running Time : 2ms
2026-01-13 14:49:59.700  INFO 19036 --- [http-nio-8080-exec-8] com.my.todo.common.aop.LoggingAspect     : ===================================================================================
2026-01-13 14:50:00.565  INFO 19036 --- [http-nio-8080-exec-10] com.my.todo.common.aop.LoggingAspect     : [TodoController.updateTodo()] 요청 / ip : 0:0:0:0:0:0:0:1
2026-01-13 14:50:00.565  INFO 19036 --- [http-nio-8080-exec-10] com.my.todo.common.aop.LoggingAspect     : ========== TodoServiceImpl.toggleTodo() 서비스 호출 ==========
2026-01-13 14:50:00.565  INFO 19036 --- [http-nio-8080-exec-10] com.my.todo.common.aop.LoggingAspect     : Parameter : [TodoDto(id=1, content=null, isCompleted=true, createdAt=null)]
2026-01-13 14:50:00.566  INFO 19036 --- [http-nio-8080-exec-10] com.my.todo.common.aop.LoggingAspect     : Running Time : 1ms
2026-01-13 14:50:00.566  INFO 19036 --- [http-nio-8080-exec-10] com.my.todo.common.aop.LoggingAspect     : ===================================================================================
2026-01-13 14:50:00.580  INFO 19036 --- [http-nio-8080-exec-1] com.my.todo.common.aop.LoggingAspect     : [TodoController.getAllTodos()] 요청 / ip : 0:0:0:0:0:0:0:1
2026-01-13 14:50:00.580  INFO 19036 --- [http-nio-8080-exec-1] com.my.todo.common.aop.LoggingAspect     : ========== TodoServiceImpl.getTodos() 서비스 호출 ==========
2026-01-13 14:50:00.580  INFO 19036 --- [http-nio-8080-exec-1] com.my.todo.common.aop.LoggingAspect     : Parameter : []
2026-01-13 14:50:00.581  INFO 19036 --- [http-nio-8080-exec-1] com.my.todo.common.aop.LoggingAspect     : Running Time : 1ms
2026-01-13 14:50:00.581  INFO 19036 --- [http-nio-8080-exec-1] com.my.todo.common.aop.LoggingAspect     : ===================================================================================
2026-01-13 14:50:05.777  INFO 19036 --- [http-nio-8080-exec-2] com.my.todo.common.aop.LoggingAspect     : [TodoController.deleteTodo()] 요청 / ip : 0:0:0:0:0:0:0:1
2026-01-13 14:50:05.778  INFO 19036 --- [http-nio-8080-exec-2] com.my.todo.common.aop.LoggingAspect     : ========== TodoServiceImpl.removeTodo() 서비스 호출 ==========
2026-01-13 14:50:05.778  INFO 19036 --- [http-nio-8080-exec-2] com.my.todo.common.aop.LoggingAspect     : Parameter : [3]
2026-01-13 14:50:05.781  INFO 19036 --- [http-nio-8080-exec-2] com.my.todo.common.aop.LoggingAspect     : Running Time : 3ms
2026-01-13 14:50:05.781  INFO 19036 --- [http-nio-8080-exec-2] com.my.todo.common.aop.LoggingAspect     : ===================================================================================
2026-01-13 14:50:05.802  INFO 19036 --- [http-nio-8080-exec-3] com.my.todo.common.aop.LoggingAspect     : [TodoController.getAllTodos()] 요청 / ip : 0:0:0:0:0:0:0:1
2026-01-13 14:50:05.803  INFO 19036 --- [http-nio-8080-exec-3] com.my.todo.common.aop.LoggingAspect     : ========== TodoServiceImpl.getTodos() 서비스 호출 ==========
2026-01-13 14:50:05.803  INFO 19036 --- [http-nio-8080-exec-3] com.my.todo.common.aop.LoggingAspect     : Parameter : []
2026-01-13 14:50:05.804  INFO 19036 --- [http-nio-8080-exec-3] com.my.todo.common.aop.LoggingAspect     : Running Time : 1ms
2026-01-13 14:50:05.804  INFO 19036 --- [http-nio-8080-exec-3] com.my.todo.common.aop.LoggingAspect     : ===================================================================================
2026-01-13 14:50:08.013  INFO 19036 --- [http-nio-8080-exec-4] com.my.todo.common.aop.LoggingAspect     : [TodoController.updateTodo()] 요청 / ip : 0:0:0:0:0:0:0:1
2026-01-13 14:50:08.014  INFO 19036 --- [http-nio-8080-exec-4] com.my.todo.common.aop.LoggingAspect     : ========== TodoServiceImpl.toggleTodo() 서비스 호출 ==========
2026-01-13 14:50:08.014  INFO 19036 --- [http-nio-8080-exec-4] com.my.todo.common.aop.LoggingAspect     : Parameter : [TodoDto(id=2, content=null, isCompleted=true, createdAt=null)]
2026-01-13 14:50:08.014  INFO 19036 --- [http-nio-8080-exec-4] com.my.todo.common.aop.LoggingAspect     : Running Time : 0ms
2026-01-13 14:50:08.015  INFO 19036 --- [http-nio-8080-exec-4] com.my.todo.common.aop.LoggingAspect     : ===================================================================================
2026-01-13 14:50:08.028  INFO 19036 --- [http-nio-8080-exec-5] com.my.todo.common.aop.LoggingAspect     : [TodoController.getAllTodos()] 요청 / ip : 0:0:0:0:0:0:0:1
2026-01-13 14:50:08.028  INFO 19036 --- [http-nio-8080-exec-5] com.my.todo.common.aop.LoggingAspect     : ========== TodoServiceImpl.getTodos() 서비스 호출 ==========
2026-01-13 14:50:08.028  INFO 19036 --- [http-nio-8080-exec-5] com.my.todo.common.aop.LoggingAspect     : Parameter : []
2026-01-13 14:50:08.029  INFO 19036 --- [http-nio-8080-exec-5] com.my.todo.common.aop.LoggingAspect     : Running Time : 1ms
2026-01-13 14:50:08.029  INFO 19036 --- [http-nio-8080-exec-5] com.my.todo.common.aop.LoggingAspect     : ===================================================================================
2026-01-13 14:50:08.699  INFO 19036 --- [http-nio-8080-exec-6] com.my.todo.common.aop.LoggingAspect     : [TodoController.updateTodo()] 요청 / ip : 0:0:0:0:0:0:0:1
2026-01-13 14:50:08.699  INFO 19036 --- [http-nio-8080-exec-6] com.my.todo.common.aop.LoggingAspect     : ========== TodoServiceImpl.toggleTodo() 서비스 호출 ==========
2026-01-13 14:50:08.700  INFO 19036 --- [http-nio-8080-exec-6] com.my.todo.common.aop.LoggingAspect     : Parameter : [TodoDto(id=2, content=null, isCompleted=false, createdAt=null)]
2026-01-13 14:50:08.701  INFO 19036 --- [http-nio-8080-exec-6] com.my.todo.common.aop.LoggingAspect     : Running Time : 0ms
2026-01-13 14:50:08.701  INFO 19036 --- [http-nio-8080-exec-6] com.my.todo.common.aop.LoggingAspect     : ===================================================================================
2026-01-13 14:50:08.714  INFO 19036 --- [http-nio-8080-exec-7] com.my.todo.common.aop.LoggingAspect     : [TodoController.getAllTodos()] 요청 / ip : 0:0:0:0:0:0:0:1
2026-01-13 14:50:08.714  INFO 19036 --- [http-nio-8080-exec-7] com.my.todo.common.aop.LoggingAspect     : ========== TodoServiceImpl.getTodos() 서비스 호출 ==========
2026-01-13 14:50:08.714  INFO 19036 --- [http-nio-8080-exec-7] com.my.todo.common.aop.LoggingAspect     : Parameter : []
2026-01-13 14:50:08.715  INFO 19036 --- [http-nio-8080-exec-7] com.my.todo.common.aop.LoggingAspect     : Running Time : 1ms
2026-01-13 14:50:08.715  INFO 19036 --- [http-nio-8080-exec-7] com.my.todo.common.aop.LoggingAspect     : ===================================================================================
2026-01-13 14:50:09.337  INFO 19036 --- [http-nio-8080-exec-8] com.my.todo.common.aop.LoggingAspect     : [TodoController.updateTodo()] 요청 / ip : 0:0:0:0:0:0:0:1
2026-01-13 14:50:09.337  INFO 19036 --- [http-nio-8080-exec-8] com.my.todo.common.aop.LoggingAspect     : ========== TodoServiceImpl.toggleTodo() 서비스 호출 ==========
2026-01-13 14:50:09.338  INFO 19036 --- [http-nio-8080-exec-8] com.my.todo.common.aop.LoggingAspect     : Parameter : [TodoDto(id=2, content=null, isCompleted=true, createdAt=null)]
2026-01-13 14:50:09.338  INFO 19036 --- [http-nio-8080-exec-8] com.my.todo.common.aop.LoggingAspect     : Running Time : 0ms
2026-01-13 14:50:09.338  INFO 19036 --- [http-nio-8080-exec-8] com.my.todo.common.aop.LoggingAspect     : ===================================================================================
2026-01-13 14:50:09.347  INFO 19036 --- [http-nio-8080-exec-9] com.my.todo.common.aop.LoggingAspect     : [TodoController.getAllTodos()] 요청 / ip : 0:0:0:0:0:0:0:1
2026-01-13 14:50:09.347  INFO 19036 --- [http-nio-8080-exec-9] com.my.todo.common.aop.LoggingAspect     : ========== TodoServiceImpl.getTodos() 서비스 호출 ==========
2026-01-13 14:50:09.347  INFO 19036 --- [http-nio-8080-exec-9] com.my.todo.common.aop.LoggingAspect     : Parameter : []
2026-01-13 14:50:09.348  INFO 19036 --- [http-nio-8080-exec-9] com.my.todo.common.aop.LoggingAspect     : Running Time : 1ms
2026-01-13 14:50:09.348  INFO 19036 --- [http-nio-8080-exec-9] com.my.todo.common.aop.LoggingAspect     : ===================================================================================
2026-01-13 14:50:09.883  INFO 19036 --- [http-nio-8080-exec-10] com.my.todo.common.aop.LoggingAspect     : [TodoController.updateTodo()] 요청 / ip : 0:0:0:0:0:0:0:1
2026-01-13 14:50:09.884  INFO 19036 --- [http-nio-8080-exec-10] com.my.todo.common.aop.LoggingAspect     : ========== TodoServiceImpl.toggleTodo() 서비스 호출 ==========
2026-01-13 14:50:09.884  INFO 19036 --- [http-nio-8080-exec-10] com.my.todo.common.aop.LoggingAspect     : Parameter : [TodoDto(id=2, content=null, isCompleted=false, createdAt=null)]
2026-01-13 14:50:09.885  INFO 19036 --- [http-nio-8080-exec-10] com.my.todo.common.aop.LoggingAspect     : Running Time : 1ms
2026-01-13 14:50:09.885  INFO 19036 --- [http-nio-8080-exec-10] com.my.todo.common.aop.LoggingAspect     : ===================================================================================
2026-01-13 14:50:09.898  INFO 19036 --- [http-nio-8080-exec-1] com.my.todo.common.aop.LoggingAspect     : [TodoController.getAllTodos()] 요청 / ip : 0:0:0:0:0:0:0:1
2026-01-13 14:50:09.898  INFO 19036 --- [http-nio-8080-exec-1] com.my.todo.common.aop.LoggingAspect     : ========== TodoServiceImpl.getTodos() 서비스 호출 ==========
2026-01-13 14:50:09.898  INFO 19036 --- [http-nio-8080-exec-1] com.my.todo.common.aop.LoggingAspect     : Parameter : []
2026-01-13 14:50:09.899  INFO 19036 --- [http-nio-8080-exec-1] com.my.todo.common.aop.LoggingAspect     : Running Time : 1ms
2026-01-13 14:50:09.899  INFO 19036 --- [http-nio-8080-exec-1] com.my.todo.common.aop.LoggingAspect     : ===================================================================================
2026-01-13 14:50:10.329  INFO 19036 --- [http-nio-8080-exec-2] com.my.todo.common.aop.LoggingAspect     : [TodoController.updateTodo()] 요청 / ip : 0:0:0:0:0:0:0:1
2026-01-13 14:50:10.329  INFO 19036 --- [http-nio-8080-exec-2] com.my.todo.common.aop.LoggingAspect     : ========== TodoServiceImpl.toggleTodo() 서비스 호출 ==========
2026-01-13 14:50:10.329  INFO 19036 --- [http-nio-8080-exec-2] com.my.todo.common.aop.LoggingAspect     : Parameter : [TodoDto(id=2, content=null, isCompleted=true, createdAt=null)]
2026-01-13 14:50:10.330  INFO 19036 --- [http-nio-8080-exec-2] com.my.todo.common.aop.LoggingAspect     : Running Time : 1ms
2026-01-13 14:50:10.330  INFO 19036 --- [http-nio-8080-exec-2] com.my.todo.common.aop.LoggingAspect     : ===================================================================================
2026-01-13 14:50:10.344  INFO 19036 --- [http-nio-8080-exec-3] com.my.todo.common.aop.LoggingAspect     : [TodoController.getAllTodos()] 요청 / ip : 0:0:0:0:0:0:0:1
2026-01-13 14:50:10.344  INFO 19036 --- [http-nio-8080-exec-3] com.my.todo.common.aop.LoggingAspect     : ========== TodoServiceImpl.getTodos() 서비스 호출 ==========
2026-01-13 14:50:10.344  INFO 19036 --- [http-nio-8080-exec-3] com.my.todo.common.aop.LoggingAspect     : Parameter : []
2026-01-13 14:50:10.345  INFO 19036 --- [http-nio-8080-exec-3] com.my.todo.common.aop.LoggingAspect     : Running Time : 1ms
2026-01-13 14:50:10.345  INFO 19036 --- [http-nio-8080-exec-3] com.my.todo.common.aop.LoggingAspect     : ===================================================================================
2026-01-13 14:50:10.566  INFO 19036 --- [http-nio-8080-exec-4] com.my.todo.common.aop.LoggingAspect     : [TodoController.updateTodo()] 요청 / ip : 0:0:0:0:0:0:0:1
2026-01-13 14:50:10.568  INFO 19036 --- [http-nio-8080-exec-4] com.my.todo.common.aop.LoggingAspect     : ========== TodoServiceImpl.toggleTodo() 서비스 호출 ==========
2026-01-13 14:50:10.568  INFO 19036 --- [http-nio-8080-exec-4] com.my.todo.common.aop.LoggingAspect     : Parameter : [TodoDto(id=2, content=null, isCompleted=false, createdAt=null)]
2026-01-13 14:50:10.569  INFO 19036 --- [http-nio-8080-exec-4] com.my.todo.common.aop.LoggingAspect     : Running Time : 1ms
2026-01-13 14:50:10.570  INFO 19036 --- [http-nio-8080-exec-4] com.my.todo.common.aop.LoggingAspect     : ===================================================================================
2026-01-13 14:50:10.583  INFO 19036 --- [http-nio-8080-exec-5] com.my.todo.common.aop.LoggingAspect     : [TodoController.getAllTodos()] 요청 / ip : 0:0:0:0:0:0:0:1
2026-01-13 14:50:10.584  INFO 19036 --- [http-nio-8080-exec-5] com.my.todo.common.aop.LoggingAspect     : ========== TodoServiceImpl.getTodos() 서비스 호출 ==========
2026-01-13 14:50:10.585  INFO 19036 --- [http-nio-8080-exec-5] com.my.todo.common.aop.LoggingAspect     : Parameter : []
2026-01-13 14:50:10.586  INFO 19036 --- [http-nio-8080-exec-5] com.my.todo.common.aop.LoggingAspect     : Running Time : 1ms
2026-01-13 14:50:10.586  INFO 19036 --- [http-nio-8080-exec-5] com.my.todo.common.aop.LoggingAspect     : ===================================================================================
2026-01-13 14:50:10.781  INFO 19036 --- [http-nio-8080-exec-6] com.my.todo.common.aop.LoggingAspect     : [TodoController.updateTodo()] 요청 / ip : 0:0:0:0:0:0:0:1
2026-01-13 14:50:10.781  INFO 19036 --- [http-nio-8080-exec-6] com.my.todo.common.aop.LoggingAspect     : ========== TodoServiceImpl.toggleTodo() 서비스 호출 ==========
2026-01-13 14:50:10.781  INFO 19036 --- [http-nio-8080-exec-6] com.my.todo.common.aop.LoggingAspect     : Parameter : [TodoDto(id=2, content=null, isCompleted=true, createdAt=null)]
2026-01-13 14:50:10.782  INFO 19036 --- [http-nio-8080-exec-6] com.my.todo.common.aop.LoggingAspect     : Running Time : 1ms
2026-01-13 14:50:10.782  INFO 19036 --- [http-nio-8080-exec-6] com.my.todo.common.aop.LoggingAspect     : ===================================================================================
2026-01-13 14:50:10.799  INFO 19036 --- [http-nio-8080-exec-7] com.my.todo.common.aop.LoggingAspect     : [TodoController.getAllTodos()] 요청 / ip : 0:0:0:0:0:0:0:1
2026-01-13 14:50:10.802  INFO 19036 --- [http-nio-8080-exec-7] com.my.todo.common.aop.LoggingAspect     : ========== TodoServiceImpl.getTodos() 서비스 호출 ==========
2026-01-13 14:50:10.802  INFO 19036 --- [http-nio-8080-exec-7] com.my.todo.common.aop.LoggingAspect     : Parameter : []
2026-01-13 14:50:10.803  INFO 19036 --- [http-nio-8080-exec-7] com.my.todo.common.aop.LoggingAspect     : Running Time : 1ms
2026-01-13 14:50:10.804  INFO 19036 --- [http-nio-8080-exec-7] com.my.todo.common.aop.LoggingAspect     : ===================================================================================
2026-01-13 14:50:11.155  INFO 19036 --- [http-nio-8080-exec-8] com.my.todo.common.aop.LoggingAspect     : [TodoController.updateTodo()] 요청 / ip : 0:0:0:0:0:0:0:1
2026-01-13 14:50:11.155  INFO 19036 --- [http-nio-8080-exec-8] com.my.todo.common.aop.LoggingAspect     : ========== TodoServiceImpl.toggleTodo() 서비스 호출 ==========
2026-01-13 14:50:11.155  INFO 19036 --- [http-nio-8080-exec-8] com.my.todo.common.aop.LoggingAspect     : Parameter : [TodoDto(id=2, content=null, isCompleted=false, createdAt=null)]
2026-01-13 14:50:11.156  INFO 19036 --- [http-nio-8080-exec-8] com.my.todo.common.aop.LoggingAspect     : Running Time : 1ms
2026-01-13 14:50:11.156  INFO 19036 --- [http-nio-8080-exec-8] com.my.todo.common.aop.LoggingAspect     : ===================================================================================
2026-01-13 14:50:11.168  INFO 19036 --- [http-nio-8080-exec-9] com.my.todo.common.aop.LoggingAspect     : [TodoController.getAllTodos()] 요청 / ip : 0:0:0:0:0:0:0:1
2026-01-13 14:50:11.168  INFO 19036 --- [http-nio-8080-exec-9] com.my.todo.common.aop.LoggingAspect     : ========== TodoServiceImpl.getTodos() 서비스 호출 ==========
2026-01-13 14:50:11.168  INFO 19036 --- [http-nio-8080-exec-9] com.my.todo.common.aop.LoggingAspect     : Parameter : []
2026-01-13 14:50:11.169  INFO 19036 --- [http-nio-8080-exec-9] com.my.todo.common.aop.LoggingAspect     : Running Time : 1ms
2026-01-13 14:50:11.170  INFO 19036 --- [http-nio-8080-exec-9] com.my.todo.common.aop.LoggingAspect     : ===================================================================================
2026-01-13 14:50:11.373  INFO 19036 --- [http-nio-8080-exec-10] com.my.todo.common.aop.LoggingAspect     : [TodoController.updateTodo()] 요청 / ip : 0:0:0:0:0:0:0:1
2026-01-13 14:50:11.373  INFO 19036 --- [http-nio-8080-exec-10] com.my.todo.common.aop.LoggingAspect     : ========== TodoServiceImpl.toggleTodo() 서비스 호출 ==========
2026-01-13 14:50:11.374  INFO 19036 --- [http-nio-8080-exec-10] com.my.todo.common.aop.LoggingAspect     : Parameter : [TodoDto(id=2, content=null, isCompleted=true, createdAt=null)]
2026-01-13 14:50:11.375  INFO 19036 --- [http-nio-8080-exec-10] com.my.todo.common.aop.LoggingAspect     : Running Time : 1ms
2026-01-13 14:50:11.375  INFO 19036 --- [http-nio-8080-exec-10] com.my.todo.common.aop.LoggingAspect     : ===================================================================================
2026-01-13 14:50:11.386  INFO 19036 --- [http-nio-8080-exec-1] com.my.todo.common.aop.LoggingAspect     : [TodoController.getAllTodos()] 요청 / ip : 0:0:0:0:0:0:0:1
2026-01-13 14:50:11.387  INFO 19036 --- [http-nio-8080-exec-1] com.my.todo.common.aop.LoggingAspect     : ========== TodoServiceImpl.getTodos() 서비스 호출 ==========
2026-01-13 14:50:11.387  INFO 19036 --- [http-nio-8080-exec-1] com.my.todo.common.aop.LoggingAspect     : Parameter : []
2026-01-13 14:50:11.388  INFO 19036 --- [http-nio-8080-exec-1] com.my.todo.common.aop.LoggingAspect     : Running Time : 1ms
2026-01-13 14:50:11.388  INFO 19036 --- [http-nio-8080-exec-1] com.my.todo.common.aop.LoggingAspect     : ===================================================================================
2026-01-13 14:50:11.745  INFO 19036 --- [http-nio-8080-exec-2] com.my.todo.common.aop.LoggingAspect     : [TodoController.updateTodo()] 요청 / ip : 0:0:0:0:0:0:0:1
2026-01-13 14:50:11.745  INFO 19036 --- [http-nio-8080-exec-2] com.my.todo.common.aop.LoggingAspect     : ========== TodoServiceImpl.toggleTodo() 서비스 호출 ==========
2026-01-13 14:50:11.745  INFO 19036 --- [http-nio-8080-exec-2] com.my.todo.common.aop.LoggingAspect     : Parameter : [TodoDto(id=2, content=null, isCompleted=false, createdAt=null)]
2026-01-13 14:50:11.746  INFO 19036 --- [http-nio-8080-exec-2] com.my.todo.common.aop.LoggingAspect     : Running Time : 1ms
2026-01-13 14:50:11.746  INFO 19036 --- [http-nio-8080-exec-2] com.my.todo.common.aop.LoggingAspect     : ===================================================================================
2026-01-13 14:50:11.773  INFO 19036 --- [http-nio-8080-exec-3] com.my.todo.common.aop.LoggingAspect     : [TodoController.getAllTodos()] 요청 / ip : 0:0:0:0:0:0:0:1
2026-01-13 14:50:11.774  INFO 19036 --- [http-nio-8080-exec-3] com.my.todo.common.aop.LoggingAspect     : ========== TodoServiceImpl.getTodos() 서비스 호출 ==========
2026-01-13 14:50:11.774  INFO 19036 --- [http-nio-8080-exec-3] com.my.todo.common.aop.LoggingAspect     : Parameter : []
2026-01-13 14:50:11.776  INFO 19036 --- [http-nio-8080-exec-3] com.my.todo.common.aop.LoggingAspect     : Running Time : 2ms
2026-01-13 14:50:11.776  INFO 19036 --- [http-nio-8080-exec-3] com.my.todo.common.aop.LoggingAspect     : ===================================================================================
2026-01-13 14:50:20.282  INFO 19036 --- [http-nio-8080-exec-4] com.my.todo.common.aop.LoggingAspect     : [TodoController.createTodo()] 요청 / ip : 0:0:0:0:0:0:0:1
2026-01-13 14:50:20.283  INFO 19036 --- [http-nio-8080-exec-4] com.my.todo.common.aop.LoggingAspect     : ========== TodoServiceImpl.addTodo() 서비스 호출 ==========
2026-01-13 14:50:20.284  INFO 19036 --- [http-nio-8080-exec-4] com.my.todo.common.aop.LoggingAspect     : Parameter : [TodoDto(id=null, content=헬스스, isCompleted=false, createdAt=null)]
2026-01-13 14:50:20.285  INFO 19036 --- [http-nio-8080-exec-4] com.my.todo.common.aop.LoggingAspect     : Running Time : 1ms
2026-01-13 14:50:20.285  INFO 19036 --- [http-nio-8080-exec-4] com.my.todo.common.aop.LoggingAspect     : ===================================================================================
2026-01-13 14:50:20.358  INFO 19036 --- [http-nio-8080-exec-5] com.my.todo.common.aop.LoggingAspect     : [TodoController.getAllTodos()] 요청 / ip : 0:0:0:0:0:0:0:1
2026-01-13 14:50:20.358  INFO 19036 --- [http-nio-8080-exec-5] com.my.todo.common.aop.LoggingAspect     : ========== TodoServiceImpl.getTodos() 서비스 호출 ==========
2026-01-13 14:50:20.359  INFO 19036 --- [http-nio-8080-exec-5] com.my.todo.common.aop.LoggingAspect     : Parameter : []
2026-01-13 14:50:20.359  INFO 19036 --- [http-nio-8080-exec-5] com.my.todo.common.aop.LoggingAspect     : Running Time : 0ms
2026-01-13 14:50:20.359  INFO 19036 --- [http-nio-8080-exec-5] com.my.todo.common.aop.LoggingAspect     : ===================================================================================
2026-01-13 14:50:29.736  INFO 19036 --- [http-nio-8080-exec-7] com.my.todo.common.aop.LoggingAspect     : [TodoController.updateTodo()] 요청 / ip : 0:0:0:0:0:0:0:1
2026-01-13 14:50:29.737  INFO 19036 --- [http-nio-8080-exec-7] com.my.todo.common.aop.LoggingAspect     : ========== TodoServiceImpl.toggleTodo() 서비스 호출 ==========
2026-01-13 14:50:29.737  INFO 19036 --- [http-nio-8080-exec-7] com.my.todo.common.aop.LoggingAspect     : Parameter : [TodoDto(id=4, content=null, isCompleted=true, createdAt=null)]
2026-01-13 14:50:29.737  INFO 19036 --- [http-nio-8080-exec-7] com.my.todo.common.aop.LoggingAspect     : Running Time : 0ms
2026-01-13 14:50:29.737  INFO 19036 --- [http-nio-8080-exec-7] com.my.todo.common.aop.LoggingAspect     : ===================================================================================
2026-01-13 14:50:29.747  INFO 19036 --- [http-nio-8080-exec-8] com.my.todo.common.aop.LoggingAspect     : [TodoController.getAllTodos()] 요청 / ip : 0:0:0:0:0:0:0:1
2026-01-13 14:50:29.747  INFO 19036 --- [http-nio-8080-exec-8] com.my.todo.common.aop.LoggingAspect     : ========== TodoServiceImpl.getTodos() 서비스 호출 ==========
2026-01-13 14:50:29.747  INFO 19036 --- [http-nio-8080-exec-8] com.my.todo.common.aop.LoggingAspect     : Parameter : []
2026-01-13 14:50:29.748  INFO 19036 --- [http-nio-8080-exec-8] com.my.todo.common.aop.LoggingAspect     : Running Time : 1ms
2026-01-13 14:50:29.748  INFO 19036 --- [http-nio-8080-exec-8] com.my.todo.common.aop.LoggingAspect     : ===================================================================================
2026-01-13 14:50:30.881  INFO 19036 --- [http-nio-8080-exec-9] com.my.todo.common.aop.LoggingAspect     : [TodoController.updateTodo()] 요청 / ip : 0:0:0:0:0:0:0:1
2026-01-13 14:50:30.882  INFO 19036 --- [http-nio-8080-exec-9] com.my.todo.common.aop.LoggingAspect     : ========== TodoServiceImpl.toggleTodo() 서비스 호출 ==========
2026-01-13 14:50:30.882  INFO 19036 --- [http-nio-8080-exec-9] com.my.todo.common.aop.LoggingAspect     : Parameter : [TodoDto(id=4, content=null, isCompleted=false, createdAt=null)]
2026-01-13 14:50:30.882  INFO 19036 --- [http-nio-8080-exec-9] com.my.todo.common.aop.LoggingAspect     : Running Time : 0ms
2026-01-13 14:50:30.883  INFO 19036 --- [http-nio-8080-exec-9] com.my.todo.common.aop.LoggingAspect     : ===================================================================================
2026-01-13 14:50:30.898  INFO 19036 --- [http-nio-8080-exec-10] com.my.todo.common.aop.LoggingAspect     : [TodoController.getAllTodos()] 요청 / ip : 0:0:0:0:0:0:0:1
2026-01-13 14:50:30.898  INFO 19036 --- [http-nio-8080-exec-10] com.my.todo.common.aop.LoggingAspect     : ========== TodoServiceImpl.getTodos() 서비스 호출 ==========
2026-01-13 14:50:30.898  INFO 19036 --- [http-nio-8080-exec-10] com.my.todo.common.aop.LoggingAspect     : Parameter : []
2026-01-13 14:50:30.899  INFO 19036 --- [http-nio-8080-exec-10] com.my.todo.common.aop.LoggingAspect     : Running Time : 1ms
2026-01-13 14:50:30.899  INFO 19036 --- [http-nio-8080-exec-10] com.my.todo.common.aop.LoggingAspect     : ===================================================================================
2026-01-13 15:01:54.992  INFO 19036 --- [http-nio-8080-exec-3] com.my.todo.common.aop.LoggingAspect     : [TodoController.getAllTodos()] 요청 / ip : 0:0:0:0:0:0:0:1
2026-01-13 15:01:54.992  INFO 19036 --- [http-nio-8080-exec-3] com.my.todo.common.aop.LoggingAspect     : ========== TodoServiceImpl.getTodos() 서비스 호출 ==========
2026-01-13 15:01:54.992  INFO 19036 --- [http-nio-8080-exec-3] com.my.todo.common.aop.LoggingAspect     : Parameter : []
2026-01-13 15:01:54.996  INFO 19036 --- [http-nio-8080-exec-3] com.my.todo.common.aop.LoggingAspect     : Running Time : 4ms
2026-01-13 15:01:54.996  INFO 19036 --- [http-nio-8080-exec-3] com.my.todo.common.aop.LoggingAspect     : ===================================================================================
2026-01-13 15:11:08.781  INFO 19036 --- [http-nio-8080-exec-5] com.my.todo.common.aop.LoggingAspect     : [TodoController.getAllTodos()] 요청 / ip : 0:0:0:0:0:0:0:1
2026-01-13 15:11:08.782  INFO 19036 --- [http-nio-8080-exec-5] com.my.todo.common.aop.LoggingAspect     : ========== TodoServiceImpl.getTodos() 서비스 호출 ==========
2026-01-13 15:11:08.782  INFO 19036 --- [http-nio-8080-exec-5] com.my.todo.common.aop.LoggingAspect     : Parameter : []
2026-01-13 15:11:08.784  INFO 19036 --- [http-nio-8080-exec-5] com.my.todo.common.aop.LoggingAspect     : Running Time : 2ms
2026-01-13 15:11:08.784  INFO 19036 --- [http-nio-8080-exec-5] com.my.todo.common.aop.LoggingAspect     : ===================================================================================
2026-01-13 15:12:02.874  INFO 19036 --- [http-nio-8080-exec-6] com.my.todo.common.aop.LoggingAspect     : [TodoController.getAllTodos()] 요청 / ip : 0:0:0:0:0:0:0:1
2026-01-13 15:12:02.875  INFO 19036 --- [http-nio-8080-exec-6] com.my.todo.common.aop.LoggingAspect     : ========== TodoServiceImpl.getTodos() 서비스 호출 ==========
2026-01-13 15:12:02.875  INFO 19036 --- [http-nio-8080-exec-6] com.my.todo.common.aop.LoggingAspect     : Parameter : []
2026-01-13 15:12:02.876  INFO 19036 --- [http-nio-8080-exec-6] com.my.todo.common.aop.LoggingAspect     : Running Time : 1ms
2026-01-13 15:12:02.877  INFO 19036 --- [http-nio-8080-exec-6] com.my.todo.common.aop.LoggingAspect     : ===================================================================================
2026-01-13 15:24:44.177  INFO 19036 --- [SpringApplicationShutdownHook] o.s.b.w.e.tomcat.GracefulShutdown        : Commencing graceful shutdown. Waiting for active requests to complete
2026-01-13 15:24:44.182  INFO 19036 --- [tomcat-shutdown] o.s.b.w.e.tomcat.GracefulShutdown        : Graceful shutdown complete
2026-01-13 15:24:44.190  INFO 19036 --- [SpringApplicationShutdownHook] j.LocalContainerEntityManagerFactoryBean : Closing JPA EntityManagerFactory for persistence unit 'default'
2026-01-13 15:24:44.196  INFO 19036 --- [SpringApplicationShutdownHook] com.zaxxer.hikari.HikariDataSource       : HikariPool-1 - Shutdown initiated...
2026-01-13 15:24:44.196  INFO 19036 --- [SpringApplicationShutdownHook] com.zaxxer.hikari.HikariDataSource       : HikariPool-1 - Shutdown completed.
