2026-01-12 11:06:50.386  INFO 18320 --- [restartedMain] com.my.todo.TodoApplication              : Starting TodoApplication using Java 21.0.8 with PID 18320 (C:\Users\TJ\Desktop\sw\todoList-workspace\todo\build\classes\java\main started by TJ in C:\Users\TJ\Desktop\sw\todoList-workspace\todo)
2026-01-12 11:06:50.388  INFO 18320 --- [restartedMain] com.my.todo.TodoApplication              : No active profile set, falling back to 1 default profile: "default"
2026-01-12 11:06:50.456  INFO 18320 --- [restartedMain] .e.DevToolsPropertyDefaultsPostProcessor : Devtools property defaults active! Set 'spring.devtools.add-properties' to 'false' to disable
2026-01-12 11:06:50.456  INFO 18320 --- [restartedMain] .e.DevToolsPropertyDefaultsPostProcessor : For additional web related logging consider setting the 'logging.level.web' property to 'DEBUG'
2026-01-12 11:06:51.841  INFO 18320 --- [restartedMain] .s.d.r.c.RepositoryConfigurationDelegate : Bootstrapping Spring Data JPA repositories in DEFAULT mode.
2026-01-12 11:06:51.860  INFO 18320 --- [restartedMain] .s.d.r.c.RepositoryConfigurationDelegate : Finished Spring Data repository scanning in 8 ms. Found 0 JPA repository interfaces.
2026-01-12 11:06:52.829  INFO 18320 --- [restartedMain] o.s.b.w.embedded.tomcat.TomcatWebServer  : Tomcat initialized with port 8080 (http)
2026-01-12 11:06:52.844  INFO 18320 --- [restartedMain] o.apache.catalina.core.StandardService   : Starting service [Tomcat]
2026-01-12 11:06:52.844  INFO 18320 --- [restartedMain] o.apache.catalina.core.StandardEngine    : Starting Servlet engine: [Apache Tomcat/10.1.50]
2026-01-12 11:06:52.904  INFO 18320 --- [restartedMain] o.a.c.c.C.[Tomcat].[localhost].[/]       : Initializing Spring embedded WebApplicationContext
2026-01-12 11:06:52.904  INFO 18320 --- [restartedMain] w.s.c.ServletWebServerApplicationContext : Root WebApplicationContext: initialization completed in 2447 ms
2026-01-12 11:06:53.190  WARN 18320 --- [restartedMain] ConfigServletWebServerApplicationContext : Exception encountered during context initialization - cancelling refresh attempt: org.springframework.beans.factory.BeanCreationException: Error creating bean with name 'entityManagerFactory' defined in class path resource [org/springframework/boot/autoconfigure/orm/jpa/HibernateJpaConfiguration.class]: Failed to initialize dependency 'dataSourceScriptDatabaseInitializer' of LoadTimeWeaverAware bean 'entityManagerFactory': Error creating bean with name 'dataSourceScriptDatabaseInitializer' defined in class path resource [org/springframework/boot/autoconfigure/sql/init/DataSourceInitializationConfiguration.class]: Unsatisfied dependency expressed through method 'dataSourceScriptDatabaseInitializer' parameter 0: Error creating bean with name 'dataSource' defined in class path resource [org/springframework/boot/autoconfigure/jdbc/DataSourceConfiguration$Hikari.class]: Failed to instantiate [com.zaxxer.hikari.HikariDataSource]: Factory method 'dataSource' threw exception with message: Failed to determine a suitable driver class
2026-01-12 11:06:53.194  INFO 18320 --- [restartedMain] o.apache.catalina.core.StandardService   : Stopping service [Tomcat]
2026-01-12 11:06:53.217  INFO 18320 --- [restartedMain] .s.b.a.l.ConditionEvaluationReportLogger : 

Error starting ApplicationContext. To display the condition evaluation report re-run your application with 'debug' enabled.
2026-01-12 11:06:53.241 ERROR 18320 --- [restartedMain] o.s.b.d.LoggingFailureAnalysisReporter   : 

***************************
APPLICATION FAILED TO START
***************************

Description:

Failed to configure a DataSource: 'url' attribute is not specified and no embedded datasource could be configured.

Reason: Failed to determine a suitable driver class


Action:

Consider the following:
	If you want an embedded database (H2, HSQL or Derby), please put it on the classpath.
	If you have database settings to be loaded from a particular profile you may need to activate it (no profiles are currently active).

2026-01-12 11:14:46.553  INFO 10012 --- [restartedMain] com.my.todo.TodoApplication              : Starting TodoApplication using Java 21.0.8 with PID 10012 (C:\Users\TJ\Desktop\sw\todoList-workspace\todo\build\classes\java\main started by TJ in C:\Users\TJ\Desktop\sw\todoList-workspace\todo)
2026-01-12 11:14:46.556  INFO 10012 --- [restartedMain] com.my.todo.TodoApplication              : No active profile set, falling back to 1 default profile: "default"
2026-01-12 11:14:46.613  INFO 10012 --- [restartedMain] .e.DevToolsPropertyDefaultsPostProcessor : Devtools property defaults active! Set 'spring.devtools.add-properties' to 'false' to disable
2026-01-12 11:14:46.614  INFO 10012 --- [restartedMain] .e.DevToolsPropertyDefaultsPostProcessor : For additional web related logging consider setting the 'logging.level.web' property to 'DEBUG'
2026-01-12 11:14:48.122  INFO 10012 --- [restartedMain] .s.d.r.c.RepositoryConfigurationDelegate : Bootstrapping Spring Data JPA repositories in DEFAULT mode.
2026-01-12 11:14:48.141  INFO 10012 --- [restartedMain] .s.d.r.c.RepositoryConfigurationDelegate : Finished Spring Data repository scanning in 7 ms. Found 0 JPA repository interfaces.
2026-01-12 11:14:49.127  INFO 10012 --- [restartedMain] o.s.b.w.embedded.tomcat.TomcatWebServer  : Tomcat initialized with port 8080 (http)
2026-01-12 11:14:49.143  INFO 10012 --- [restartedMain] o.apache.catalina.core.StandardService   : Starting service [Tomcat]
2026-01-12 11:14:49.143  INFO 10012 --- [restartedMain] o.apache.catalina.core.StandardEngine    : Starting Servlet engine: [Apache Tomcat/10.1.50]
2026-01-12 11:14:49.201  INFO 10012 --- [restartedMain] o.a.c.c.C.[Tomcat].[localhost].[/]       : Initializing Spring embedded WebApplicationContext
2026-01-12 11:14:49.202  INFO 10012 --- [restartedMain] w.s.c.ServletWebServerApplicationContext : Root WebApplicationContext: initialization completed in 2587 ms
2026-01-12 11:14:49.608  INFO 10012 --- [restartedMain] o.hibernate.jpa.internal.util.LogHelper  : HHH000204: Processing PersistenceUnitInfo [name: default]
2026-01-12 11:14:49.671  INFO 10012 --- [restartedMain] org.hibernate.Version                    : HHH000412: Hibernate ORM core version 6.6.39.Final
2026-01-12 11:14:49.714  INFO 10012 --- [restartedMain] o.h.c.internal.RegionFactoryInitiator    : HHH000026: Second-level cache disabled
2026-01-12 11:14:50.068  INFO 10012 --- [restartedMain] o.s.o.j.p.SpringPersistenceUnitInfo      : No LoadTimeWeaver setup: ignoring JPA class transformer
2026-01-12 11:14:50.102  INFO 10012 --- [restartedMain] com.zaxxer.hikari.HikariDataSource       : HikariPool-1 - Starting...
2026-01-12 11:14:50.291  INFO 10012 --- [restartedMain] com.zaxxer.hikari.pool.HikariPool        : HikariPool-1 - Added connection org.postgresql.jdbc.PgConnection@69d2da51
2026-01-12 11:14:50.294  INFO 10012 --- [restartedMain] com.zaxxer.hikari.HikariDataSource       : HikariPool-1 - Start completed.
2026-01-12 11:14:50.373  INFO 10012 --- [restartedMain] org.hibernate.orm.connections.pooling    : HHH10001005: Database info:
	Database JDBC URL [Connecting through datasource 'HikariDataSource (HikariPool-1)']
	Database driver: undefined/unknown
	Database version: 18.1
	Autocommit mode: undefined/unknown
	Isolation level: undefined/unknown
	Minimum pool size: undefined/unknown
	Maximum pool size: undefined/unknown
2026-01-12 11:14:50.814  INFO 10012 --- [restartedMain] o.h.e.t.j.p.i.JtaPlatformInitiator       : HHH000489: No JTA platform available (set 'hibernate.transaction.jta.platform' to enable JTA platform integration)
2026-01-12 11:14:50.820  INFO 10012 --- [restartedMain] j.LocalContainerEntityManagerFactoryBean : Initialized JPA EntityManagerFactory for persistence unit 'default'
2026-01-12 11:14:51.359  WARN 10012 --- [restartedMain] JpaBaseConfiguration$JpaWebConfiguration : spring.jpa.open-in-view is enabled by default. Therefore, database queries may be performed during view rendering. Explicitly configure spring.jpa.open-in-view to disable this warning
2026-01-12 11:14:51.818  WARN 10012 --- [restartedMain] ion$DefaultTemplateResolverConfiguration : Cannot find template location: classpath:/templates/ (please add some templates, check your Thymeleaf configuration, or set spring.thymeleaf.check-template-location=false)
2026-01-12 11:14:52.453  WARN 10012 --- [restartedMain] .s.s.UserDetailsServiceAutoConfiguration : 

Using generated security password: 731e1db3-8bb5-41b2-84f1-85138ca81e76

This generated password is for development use only. Your security configuration must be updated before running your application in production.

2026-01-12 11:14:52.465  INFO 10012 --- [restartedMain] r$InitializeUserDetailsManagerConfigurer : Global AuthenticationManager configured with UserDetailsService bean with name inMemoryUserDetailsManager
2026-01-12 11:14:52.612  INFO 10012 --- [restartedMain] o.s.b.a.e.web.EndpointLinksResolver      : Exposing 1 endpoint beneath base path '/actuator'
2026-01-12 11:14:52.914  INFO 10012 --- [restartedMain] o.s.b.d.a.OptionalLiveReloadServer       : LiveReload server is running on port 35729
2026-01-12 11:14:53.002  INFO 10012 --- [restartedMain] o.s.b.w.embedded.tomcat.TomcatWebServer  : Tomcat started on port 8080 (http) with context path '/'
2026-01-12 11:14:53.017  INFO 10012 --- [restartedMain] com.my.todo.TodoApplication              : Started TodoApplication in 7.171 seconds (process running for 8.125)
2026-01-12 11:14:53.259  INFO 10012 --- [RMI TCP Connection(2)-192.168.0.210] o.a.c.c.C.[Tomcat].[localhost].[/]       : Initializing Spring DispatcherServlet 'dispatcherServlet'
2026-01-12 11:14:53.260  INFO 10012 --- [RMI TCP Connection(2)-192.168.0.210] o.s.web.servlet.DispatcherServlet        : Initializing Servlet 'dispatcherServlet'
2026-01-12 11:14:53.262  INFO 10012 --- [RMI TCP Connection(2)-192.168.0.210] o.s.web.servlet.DispatcherServlet        : Completed initialization in 2 ms
2026-01-12 13:11:52.670  WARN 10012 --- [http-nio-8080-exec-2] o.a.c.util.SessionIdGeneratorBase        : Creation of SecureRandom instance for session ID generation using [SHA1PRNG] took [133] milliseconds.
2026-01-12 14:20:06.692  WARN 10012 --- [HikariPool-1:housekeeper] com.zaxxer.hikari.pool.HikariPool        : HikariPool-1 - Thread starvation or clock leap detected (housekeeper delta=29m43s110ms313µs100ns).
2026-01-12 14:22:06.813  INFO 10012 --- [SpringApplicationShutdownHook] o.s.b.w.e.tomcat.GracefulShutdown        : Commencing graceful shutdown. Waiting for active requests to complete
2026-01-12 14:22:06.821  INFO 10012 --- [tomcat-shutdown] o.s.b.w.e.tomcat.GracefulShutdown        : Graceful shutdown complete
2026-01-12 14:22:06.840  INFO 10012 --- [SpringApplicationShutdownHook] j.LocalContainerEntityManagerFactoryBean : Closing JPA EntityManagerFactory for persistence unit 'default'
2026-01-12 14:22:06.857  INFO 10012 --- [SpringApplicationShutdownHook] com.zaxxer.hikari.HikariDataSource       : HikariPool-1 - Shutdown initiated...
2026-01-12 14:22:06.863  INFO 10012 --- [SpringApplicationShutdownHook] com.zaxxer.hikari.HikariDataSource       : HikariPool-1 - Shutdown completed.
